2017-01-18 16:11:50.633 | INFO | Root WebApplicationContext: initialization started | main | org.springframework.web.context.ContextLoader.initWebApplicationContext | ContextLoader.java:305 
2017-01-18 16:11:50.704 | INFO | Refreshing Root WebApplicationContext: startup date [Wed Jan 18 16:11:50 CST 2017]; root of context hierarchy | main | org.springframework.web.context.support.XmlWebApplicationContext.prepareRefresh | AbstractApplicationContext.java:581 
2017-01-18 16:11:50.735 | INFO | Loading XML bean definitions from URL [jar:file:/D:/Java/maven/repository/tech/wetech/wetech-core/0.0.1-SNAPSHOT/wetech-core-0.0.1-SNAPSHOT.jar!/beans.xml] | main | org.springframework.beans.factory.xml.XmlBeanDefinitionReader.loadBeanDefinitions | XmlBeanDefinitionReader.java:317 
2017-01-18 16:11:51.241 | INFO | Loading properties file from class path resource [jdbc.properties] | main | org.springframework.beans.factory.config.PropertyPlaceholderConfigurer.loadProperties | PropertiesLoaderSupport.java:172 
2017-01-18 16:11:51.250 | INFO | JSR-330 'javax.inject.Inject' annotation found and supported for autowiring | main | org.springframework.beans.factory.annotation.AutowiredAnnotationBeanPostProcessor.<init> | AutowiredAnnotationBeanPostProcessor.java:155 
2017-01-18 16:11:51.831 | INFO | HCANN000001: Hibernate Commons Annotations {4.0.1.Final} | main | org.hibernate.annotations.common.Version.<clinit> | Version.java:37 
2017-01-18 16:11:51.840 | INFO | HHH000412: Hibernate Core {4.2.0.Final} | main | org.hibernate.Version.logVersion | Version.java:41 
2017-01-18 16:11:51.844 | INFO | HHH000206: hibernate.properties not found | main | org.hibernate.cfg.Environment.<clinit> | Environment.java:239 
2017-01-18 16:11:51.846 | INFO | HHH000021: Bytecode provider name : javassist | main | org.hibernate.cfg.Environment.buildBytecodeProvider | Environment.java:342 
2017-01-18 16:11:52.474 | INFO | HHH000400: Using dialect: org.hibernate.dialect.MySQLDialect | main | org.hibernate.dialect.Dialect.<init> | Dialect.java:128 
2017-01-18 16:11:52.500 | INFO | HHH000399: Using default transaction strategy (direct JDBC transactions) | main | org.hibernate.engine.transaction.internal.TransactionFactoryInitiator.initiateService | TransactionFactoryInitiator.java:68 
2017-01-18 16:11:52.506 | INFO | HHH000397: Using ASTQueryTranslatorFactory | main | org.hibernate.hql.internal.ast.ASTQueryTranslatorFactory.<init> | ASTQueryTranslatorFactory.java:48 
2017-01-18 16:11:52.562 | INFO | HV000001: Hibernate Validator 4.3.1.Final | main | org.hibernate.validator.internal.util.Version.<clinit> | Version.java:27 
2017-01-18 16:11:53.246 | INFO | HHH000228: Running hbm2ddl schema update | main | org.hibernate.tool.hbm2ddl.SchemaUpdate.execute | SchemaUpdate.java:182 
2017-01-18 16:11:53.247 | INFO | HHH000102: Fetching database metadata | main | org.hibernate.tool.hbm2ddl.SchemaUpdate.execute | SchemaUpdate.java:193 
2017-01-18 16:11:53.253 | INFO | HHH000396: Updating schema | main | org.hibernate.tool.hbm2ddl.SchemaUpdate.execute | SchemaUpdate.java:205 
2017-01-18 16:11:53.296 | INFO | HHH000261: Table found: wetech_cms.t_attachment | main | org.hibernate.tool.hbm2ddl.TableMetadata.<init> | TableMetadata.java:65 
2017-01-18 16:11:53.297 | INFO | HHH000037: Columns: [is_img, size, is_index_pic, old_name, id, suffix, type, create_date, is_attach, tid, new_name] | main | org.hibernate.tool.hbm2ddl.TableMetadata.<init> | TableMetadata.java:66 
2017-01-18 16:11:53.297 | INFO | HHH000108: Foreign keys: [fk48549dceefdd7fd5] | main | org.hibernate.tool.hbm2ddl.TableMetadata.<init> | TableMetadata.java:68 
2017-01-18 16:11:53.298 | INFO | HHH000126: Indexes: [fk48549dceefdd7fd5, primary] | main | org.hibernate.tool.hbm2ddl.TableMetadata.<init> | TableMetadata.java:69 
2017-01-18 16:11:53.326 | INFO | HHH000261: Table found: wetech_cms.t_channel | main | org.hibernate.tool.hbm2ddl.TableMetadata.<init> | TableMetadata.java:65 
2017-01-18 16:11:53.327 | INFO | HHH000037: Columns: [custom_link, custom_link_url, is_index, is_top_nav, recommend, pid, is_leaf, type, descn, nav_order, name, orders, show_index, id, status] | main | org.hibernate.tool.hbm2ddl.TableMetadata.<init> | TableMetadata.java:66 
2017-01-18 16:11:53.327 | INFO | HHH000108: Foreign keys: [fke79d7038d7ddf6e5] | main | org.hibernate.tool.hbm2ddl.TableMetadata.<init> | TableMetadata.java:68 
2017-01-18 16:11:53.328 | INFO | HHH000126: Indexes: [fke79d7038d7ddf6e5, primary] | main | org.hibernate.tool.hbm2ddl.TableMetadata.<init> | TableMetadata.java:69 
2017-01-18 16:11:53.348 | INFO | HHH000261: Table found: wetech_cms.t_cms_link | main | org.hibernate.tool.hbm2ddl.TableMetadata.<init> | TableMetadata.java:65 
2017-01-18 16:11:53.349 | INFO | HHH000037: Columns: [pos, url_class, link_url, id, url_id, title, type, new_win, link_id, url, link_clz] | main | org.hibernate.tool.hbm2ddl.TableMetadata.<init> | TableMetadata.java:66 
2017-01-18 16:11:53.349 | INFO | HHH000108: Foreign keys: [] | main | org.hibernate.tool.hbm2ddl.TableMetadata.<init> | TableMetadata.java:68 
2017-01-18 16:11:53.350 | INFO | HHH000126: Indexes: [primary] | main | org.hibernate.tool.hbm2ddl.TableMetadata.<init> | TableMetadata.java:69 
2017-01-18 16:11:53.371 | INFO | HHH000261: Table found: wetech_cms.t_group | main | org.hibernate.tool.hbm2ddl.TableMetadata.<init> | TableMetadata.java:65 
2017-01-18 16:11:53.372 | INFO | HHH000037: Columns: [descr, name, id] | main | org.hibernate.tool.hbm2ddl.TableMetadata.<init> | TableMetadata.java:66 
2017-01-18 16:11:53.372 | INFO | HHH000108: Foreign keys: [] | main | org.hibernate.tool.hbm2ddl.TableMetadata.<init> | TableMetadata.java:68 
2017-01-18 16:11:53.373 | INFO | HHH000126: Indexes: [primary] | main | org.hibernate.tool.hbm2ddl.TableMetadata.<init> | TableMetadata.java:69 
2017-01-18 16:11:53.395 | INFO | HHH000261: Table found: wetech_cms.t_group_channel | main | org.hibernate.tool.hbm2ddl.TableMetadata.<init> | TableMetadata.java:65 
2017-01-18 16:11:53.396 | INFO | HHH000037: Columns: [g_id, c_id, id] | main | org.hibernate.tool.hbm2ddl.TableMetadata.<init> | TableMetadata.java:66 
2017-01-18 16:11:53.396 | INFO | HHH000108: Foreign keys: [fkb7d322b8ef562c89, fkb7d322b8d80ab7d1] | main | org.hibernate.tool.hbm2ddl.TableMetadata.<init> | TableMetadata.java:68 
2017-01-18 16:11:53.397 | INFO | HHH000126: Indexes: [fkb7d322b8ef562c89, primary, fkb7d322b8d80ab7d1] | main | org.hibernate.tool.hbm2ddl.TableMetadata.<init> | TableMetadata.java:69 
2017-01-18 16:11:53.416 | INFO | HHH000261: Table found: wetech_cms.t_index_pic | main | org.hibernate.tool.hbm2ddl.TableMetadata.<init> | TableMetadata.java:65 
2017-01-18 16:11:53.417 | INFO | HHH000037: Columns: [link_type, sub_title, old_name, pos, thumbnail_pic, link_url, id, pic, create_date, title, status, new_name] | main | org.hibernate.tool.hbm2ddl.TableMetadata.<init> | TableMetadata.java:66 
2017-01-18 16:11:53.417 | INFO | HHH000108: Foreign keys: [] | main | org.hibernate.tool.hbm2ddl.TableMetadata.<init> | TableMetadata.java:68 
2017-01-18 16:11:53.417 | INFO | HHH000126: Indexes: [primary] | main | org.hibernate.tool.hbm2ddl.TableMetadata.<init> | TableMetadata.java:69 
2017-01-18 16:11:53.435 | INFO | HHH000261: Table found: wetech_cms.t_keyword | main | org.hibernate.tool.hbm2ddl.TableMetadata.<init> | TableMetadata.java:65 
2017-01-18 16:11:53.436 | INFO | HHH000037: Columns: [name_short_py, times, name, id, name_full_py] | main | org.hibernate.tool.hbm2ddl.TableMetadata.<init> | TableMetadata.java:66 
2017-01-18 16:11:53.437 | INFO | HHH000108: Foreign keys: [] | main | org.hibernate.tool.hbm2ddl.TableMetadata.<init> | TableMetadata.java:68 
2017-01-18 16:11:53.437 | INFO | HHH000126: Indexes: [primary] | main | org.hibernate.tool.hbm2ddl.TableMetadata.<init> | TableMetadata.java:69 
2017-01-18 16:11:53.457 | INFO | HHH000261: Table found: wetech_cms.t_role | main | org.hibernate.tool.hbm2ddl.TableMetadata.<init> | TableMetadata.java:65 
2017-01-18 16:11:53.458 | INFO | HHH000037: Columns: [role_type, name, id] | main | org.hibernate.tool.hbm2ddl.TableMetadata.<init> | TableMetadata.java:66 
2017-01-18 16:11:53.459 | INFO | HHH000108: Foreign keys: [] | main | org.hibernate.tool.hbm2ddl.TableMetadata.<init> | TableMetadata.java:68 
2017-01-18 16:11:53.459 | INFO | HHH000126: Indexes: [primary] | main | org.hibernate.tool.hbm2ddl.TableMetadata.<init> | TableMetadata.java:69 
2017-01-18 16:11:53.481 | INFO | HHH000261: Table found: wetech_cms.t_topic | main | org.hibernate.tool.hbm2ddl.TableMetadata.<init> | TableMetadata.java:65 
2017-01-18 16:11:53.482 | INFO | HHH000037: Columns: [summary, thumb, author, cname, channel_pic_id, recommend, title, content, uid, id, create_date, keyword, publish_date, status, cid] | main | org.hibernate.tool.hbm2ddl.TableMetadata.<init> | TableMetadata.java:66 
2017-01-18 16:11:53.482 | INFO | HHH000108: Foreign keys: [fka10609a452119f24, fka10609a4d7ddc618] | main | org.hibernate.tool.hbm2ddl.TableMetadata.<init> | TableMetadata.java:68 
2017-01-18 16:11:53.482 | INFO | HHH000126: Indexes: [fka10609a452119f24, fka10609a4d7ddc618, primary] | main | org.hibernate.tool.hbm2ddl.TableMetadata.<init> | TableMetadata.java:69 
2017-01-18 16:11:53.501 | INFO | HHH000261: Table found: wetech_cms.t_user | main | org.hibernate.tool.hbm2ddl.TableMetadata.<init> | TableMetadata.java:65 
2017-01-18 16:11:53.502 | INFO | HHH000037: Columns: [password, phone, nickname, id, create_date, email, status, username] | main | org.hibernate.tool.hbm2ddl.TableMetadata.<init> | TableMetadata.java:66 
2017-01-18 16:11:53.502 | INFO | HHH000108: Foreign keys: [] | main | org.hibernate.tool.hbm2ddl.TableMetadata.<init> | TableMetadata.java:68 
2017-01-18 16:11:53.502 | INFO | HHH000126: Indexes: [primary] | main | org.hibernate.tool.hbm2ddl.TableMetadata.<init> | TableMetadata.java:69 
2017-01-18 16:11:53.517 | INFO | HHH000261: Table found: wetech_cms.t_user_group | main | org.hibernate.tool.hbm2ddl.TableMetadata.<init> | TableMetadata.java:65 
2017-01-18 16:11:53.518 | INFO | HHH000037: Columns: [g_id, u_id, id] | main | org.hibernate.tool.hbm2ddl.TableMetadata.<init> | TableMetadata.java:66 
2017-01-18 16:11:53.518 | INFO | HHH000108: Foreign keys: [fk300645b652467bf9, fk300645b6ef562c89] | main | org.hibernate.tool.hbm2ddl.TableMetadata.<init> | TableMetadata.java:68 
2017-01-18 16:11:53.518 | INFO | HHH000126: Indexes: [fk300645b652467bf9, fk300645b6ef562c89, primary] | main | org.hibernate.tool.hbm2ddl.TableMetadata.<init> | TableMetadata.java:69 
2017-01-18 16:11:53.538 | INFO | HHH000261: Table found: wetech_cms.t_user_role | main | org.hibernate.tool.hbm2ddl.TableMetadata.<init> | TableMetadata.java:65 
2017-01-18 16:11:53.538 | INFO | HHH000037: Columns: [u_id, id, r_id] | main | org.hibernate.tool.hbm2ddl.TableMetadata.<init> | TableMetadata.java:66 
2017-01-18 16:11:53.539 | INFO | HHH000108: Foreign keys: [fk331dee5f52467bf9, fk331dee5f5243b387] | main | org.hibernate.tool.hbm2ddl.TableMetadata.<init> | TableMetadata.java:68 
2017-01-18 16:11:53.539 | INFO | HHH000126: Indexes: [fk331dee5f52467bf9, fk331dee5f5243b387, primary] | main | org.hibernate.tool.hbm2ddl.TableMetadata.<init> | TableMetadata.java:69 
2017-01-18 16:11:53.542 | INFO | HHH000232: Schema update complete | main | org.hibernate.tool.hbm2ddl.SchemaUpdate.execute | SchemaUpdate.java:240 
2017-01-18 16:11:53.753 | INFO | Using DataSource [org.apache.commons.dbcp2.BasicDataSource@a95807f] of Hibernate SessionFactory for HibernateTransactionManager | main | org.springframework.orm.hibernate4.HibernateTransactionManager.afterPropertiesSet | HibernateTransactionManager.java:360 
2017-01-18 16:11:54.195 | INFO | Root WebApplicationContext: initialization completed in 3560 ms | main | org.springframework.web.context.ContextLoader.initWebApplicationContext | ContextLoader.java:345 
2017-01-18 16:12:05.697 | INFO | FrameworkServlet 'cms': initialization started | qtp975629453-26 | org.springframework.web.servlet.DispatcherServlet.initServletBean | FrameworkServlet.java:489 
2017-01-18 16:12:05.702 | INFO | Refreshing WebApplicationContext for namespace 'cms-servlet': startup date [Wed Jan 18 16:12:05 CST 2017]; parent: Root WebApplicationContext | qtp975629453-26 | org.springframework.web.context.support.XmlWebApplicationContext.prepareRefresh | AbstractApplicationContext.java:581 
2017-01-18 16:12:05.703 | INFO | Loading XML bean definitions from ServletContext resource [/WEB-INF/cms-servlet.xml] | qtp975629453-26 | org.springframework.beans.factory.xml.XmlBeanDefinitionReader.loadBeanDefinitions | XmlBeanDefinitionReader.java:317 
2017-01-18 16:12:05.898 | INFO | Dwr classpath scanning detected candidate bean [tech.wetech.cms.dwr.DwrService#0]. Remoting using dwrService | qtp975629453-26 | org.directwebremoting.spring.DwrClassPathBeanDefinitionScanner.registerBeanDefinition | DwrClassPathBeanDefinitionScanner.java:89 
2017-01-18 16:12:05.970 | INFO | Detected candidate bean [tech.wetech.cms.dwr.DwrService#0]. Remoting using dwrService | qtp975629453-26 | org.directwebremoting.spring.DwrAnnotationPostProcessor.postProcessBeanFactory | DwrAnnotationPostProcessor.java:65 
2017-01-18 16:12:05.971 | INFO | [dwrService] remote bean definition already detected. Invalid mixed use of <dwr:annotation-config /> and <dwr:annotation-scan />? Re-scanned package? | qtp975629453-26 | org.directwebremoting.spring.namespace.CreatorParserHelper.registerCreator | CreatorParserHelper.java:128 
2017-01-18 16:12:05.972 | INFO | JSR-330 'javax.inject.Inject' annotation found and supported for autowiring | qtp975629453-26 | org.springframework.beans.factory.annotation.AutowiredAnnotationBeanPostProcessor.<init> | AutowiredAnnotationBeanPostProcessor.java:155 
2017-01-18 16:12:06.209 | INFO | Mapped "{[/admin]}" onto public java.lang.String tech.wetech.cms.controller.AdminController.main() | qtp975629453-26 | org.springframework.web.servlet.mvc.method.annotation.RequestMappingHandlerMapping.register | AbstractHandlerMethodMapping.java:543 
2017-01-18 16:12:06.211 | INFO | Mapped "{[/admin/logout]}" onto public java.lang.String tech.wetech.cms.controller.AdminController.logout(javax.servlet.http.HttpSession) | qtp975629453-26 | org.springframework.web.servlet.mvc.method.annotation.RequestMappingHandlerMapping.register | AbstractHandlerMethodMapping.java:543 
2017-01-18 16:12:06.214 | INFO | Mapped "{[/admin/backup/add]}" onto public tech.wetech.cms.web.ResponseData tech.wetech.cms.controller.BackupController.add(java.lang.String) | qtp975629453-26 | org.springframework.web.servlet.mvc.method.annotation.RequestMappingHandlerMapping.register | AbstractHandlerMethodMapping.java:543 
2017-01-18 16:12:06.215 | INFO | Mapped "{[/admin/backup/delete]}" onto public tech.wetech.cms.web.ResponseData tech.wetech.cms.controller.BackupController.delete(java.lang.String) | qtp975629453-26 | org.springframework.web.servlet.mvc.method.annotation.RequestMappingHandlerMapping.register | AbstractHandlerMethodMapping.java:543 
2017-01-18 16:12:06.215 | INFO | Mapped "{[/admin/backup/resume]}" onto public tech.wetech.cms.web.ResponseData tech.wetech.cms.controller.BackupController.resume(java.lang.String) | qtp975629453-26 | org.springframework.web.servlet.mvc.method.annotation.RequestMappingHandlerMapping.register | AbstractHandlerMethodMapping.java:543 
2017-01-18 16:12:06.216 | INFO | Mapped "{[/admin/backup/listBackups]}" onto public java.util.List<tech.wetech.basic.model.BackupFile> tech.wetech.cms.controller.BackupController.list() | qtp975629453-26 | org.springframework.web.servlet.mvc.method.annotation.RequestMappingHandlerMapping.register | AbstractHandlerMethodMapping.java:543 
2017-01-18 16:12:06.216 | INFO | Mapped "{[/admin/backup/backup || /admin/backup/ || /admin/backup]}" onto public java.lang.String tech.wetech.cms.controller.BackupController.backup(org.springframework.ui.Model) | qtp975629453-26 | org.springframework.web.servlet.mvc.method.annotation.RequestMappingHandlerMapping.register | AbstractHandlerMethodMapping.java:543 
2017-01-18 16:12:06.227 | INFO | Mapped "{[/admin/channel/add],methods=[POST]}" onto public tech.wetech.cms.web.ResponseData tech.wetech.cms.controller.ChannelController.add(java.lang.Integer,tech.wetech.cms.model.Channel,org.springframework.validation.BindingResult) | qtp975629453-26 | org.springframework.web.servlet.mvc.method.annotation.RequestMappingHandlerMapping.register | AbstractHandlerMethodMapping.java:543 
2017-01-18 16:12:06.227 | INFO | Mapped "{[/admin/channel/add/{pid}],methods=[GET]}" onto public java.lang.String tech.wetech.cms.controller.ChannelController.add(java.lang.Integer,org.springframework.ui.Model) | qtp975629453-26 | org.springframework.web.servlet.mvc.method.annotation.RequestMappingHandlerMapping.register | AbstractHandlerMethodMapping.java:543 
2017-01-18 16:12:06.228 | INFO | Mapped "{[/admin/channel/add/{pid}],methods=[POST]}" onto public java.lang.String tech.wetech.cms.controller.ChannelController.add(java.lang.Integer,tech.wetech.cms.model.Channel,org.springframework.validation.BindingResult,org.springframework.ui.Model) | qtp975629453-26 | org.springframework.web.servlet.mvc.method.annotation.RequestMappingHandlerMapping.register | AbstractHandlerMethodMapping.java:543 
2017-01-18 16:12:06.228 | INFO | Mapped "{[/admin/channel/update/{id}],methods=[GET]}" onto public java.lang.String tech.wetech.cms.controller.ChannelController.update(java.lang.Integer,org.springframework.ui.Model) | qtp975629453-26 | org.springframework.web.servlet.mvc.method.annotation.RequestMappingHandlerMapping.register | AbstractHandlerMethodMapping.java:543 
2017-01-18 16:12:06.229 | INFO | Mapped "{[/admin/channel/update/{id}],methods=[POST]}" onto public java.lang.String tech.wetech.cms.controller.ChannelController.update(java.lang.Integer,tech.wetech.cms.model.Channel,org.springframework.validation.BindingResult,org.springframework.ui.Model) | qtp975629453-26 | org.springframework.web.servlet.mvc.method.annotation.RequestMappingHandlerMapping.register | AbstractHandlerMethodMapping.java:543 
2017-01-18 16:12:06.229 | INFO | Mapped "{[/admin/channel/delete/{pid}/{id}]}" onto public java.lang.String tech.wetech.cms.controller.ChannelController.delete(java.lang.Integer,java.lang.Integer,org.springframework.ui.Model) | qtp975629453-26 | org.springframework.web.servlet.mvc.method.annotation.RequestMappingHandlerMapping.register | AbstractHandlerMethodMapping.java:543 
2017-01-18 16:12:06.230 | INFO | Mapped "{[/admin/channel/delete]}" onto public tech.wetech.cms.web.ResponseData tech.wetech.cms.controller.ChannelController.delete(java.lang.Integer,org.springframework.ui.Model) | qtp975629453-26 | org.springframework.web.servlet.mvc.method.annotation.RequestMappingHandlerMapping.register | AbstractHandlerMethodMapping.java:543 
2017-01-18 16:12:06.231 | INFO | Mapped "{[/admin/channel/channels]}" onto public java.lang.String tech.wetech.cms.controller.ChannelController.list(org.springframework.ui.Model) | qtp975629453-26 | org.springframework.web.servlet.mvc.method.annotation.RequestMappingHandlerMapping.register | AbstractHandlerMethodMapping.java:543 
2017-01-18 16:12:06.231 | INFO | Mapped "{[/admin/channel/treeAll]}" onto public java.util.List<tech.wetech.cms.model.ChannelTree> tech.wetech.cms.controller.ChannelController.tree() | qtp975629453-26 | org.springframework.web.servlet.mvc.method.annotation.RequestMappingHandlerMapping.register | AbstractHandlerMethodMapping.java:543 
2017-01-18 16:12:06.232 | INFO | Mapped "{[/admin/channel/channel || /admin/channel/ || /admin/channel]}" onto public java.lang.String tech.wetech.cms.controller.ChannelController.channel(org.springframework.ui.Model) | qtp975629453-26 | org.springframework.web.servlet.mvc.method.annotation.RequestMappingHandlerMapping.register | AbstractHandlerMethodMapping.java:543 
2017-01-18 16:12:06.232 | INFO | Mapped "{[/admin/channel/getChannelTree]}" onto public java.util.List<tech.wetech.cms.dto.TreeDto> tech.wetech.cms.controller.ChannelController.getChannelTree(java.lang.Integer) | qtp975629453-26 | org.springframework.web.servlet.mvc.method.annotation.RequestMappingHandlerMapping.register | AbstractHandlerMethodMapping.java:543 
2017-01-18 16:12:06.233 | INFO | Mapped "{[/admin/channel/edit],methods=[POST]}" onto public tech.wetech.cms.web.ResponseData tech.wetech.cms.controller.ChannelController.edit(tech.wetech.cms.model.Channel,org.springframework.validation.BindingResult) | qtp975629453-26 | org.springframework.web.servlet.mvc.method.annotation.RequestMappingHandlerMapping.register | AbstractHandlerMethodMapping.java:543 
2017-01-18 16:12:06.233 | INFO | Mapped "{[/admin/channel/channels/updateSort]}" onto public tech.wetech.cms.dto.AjaxObj tech.wetech.cms.controller.ChannelController.updateSort(java.lang.Integer[]) | qtp975629453-26 | org.springframework.web.servlet.mvc.method.annotation.RequestMappingHandlerMapping.register | AbstractHandlerMethodMapping.java:543 
2017-01-18 16:12:06.234 | INFO | Mapped "{[/admin/channel/channels/{pid}]}" onto public java.lang.String tech.wetech.cms.controller.ChannelController.listChild(java.lang.Integer,java.lang.Integer,org.springframework.ui.Model) | qtp975629453-26 | org.springframework.web.servlet.mvc.method.annotation.RequestMappingHandlerMapping.register | AbstractHandlerMethodMapping.java:543 
2017-01-18 16:12:06.237 | INFO | Mapped "{[/admin/cmsLink/add],methods=[POST]}" onto public tech.wetech.cms.web.ResponseData tech.wetech.cms.controller.CmsLinkController.add(tech.wetech.cms.model.CmsLink,org.springframework.validation.BindingResult) | qtp975629453-26 | org.springframework.web.servlet.mvc.method.annotation.RequestMappingHandlerMapping.register | AbstractHandlerMethodMapping.java:543 
2017-01-18 16:12:06.238 | INFO | Mapped "{[/admin/cmsLink/update/{id}],methods=[GET]}" onto public java.lang.String tech.wetech.cms.controller.CmsLinkController.update(int,org.springframework.ui.Model) | qtp975629453-26 | org.springframework.web.servlet.mvc.method.annotation.RequestMappingHandlerMapping.register | AbstractHandlerMethodMapping.java:543 
2017-01-18 16:12:06.238 | INFO | Mapped "{[/admin/cmsLink/update/{id}],methods=[POST]}" onto public java.lang.String tech.wetech.cms.controller.CmsLinkController.update(int,tech.wetech.cms.model.CmsLink,org.springframework.validation.BindingResult) | qtp975629453-26 | org.springframework.web.servlet.mvc.method.annotation.RequestMappingHandlerMapping.register | AbstractHandlerMethodMapping.java:543 
2017-01-18 16:12:06.239 | INFO | Mapped "{[/admin/cmsLink/delete]}" onto public tech.wetech.cms.web.ResponseData tech.wetech.cms.controller.CmsLinkController.delete(java.lang.Long[]) | qtp975629453-26 | org.springframework.web.servlet.mvc.method.annotation.RequestMappingHandlerMapping.register | AbstractHandlerMethodMapping.java:543 
2017-01-18 16:12:06.239 | INFO | Mapped "{[/admin/cmsLink/delete/{id}],methods=[GET]}" onto public java.lang.String tech.wetech.cms.controller.CmsLinkController.delete(int) | qtp975629453-26 | org.springframework.web.servlet.mvc.method.annotation.RequestMappingHandlerMapping.register | AbstractHandlerMethodMapping.java:543 
2017-01-18 16:12:06.240 | INFO | Mapped "{[/admin/cmsLink/links]}" onto public java.lang.String tech.wetech.cms.controller.CmsLinkController.list(org.springframework.ui.Model,java.lang.String) | qtp975629453-26 | org.springframework.web.servlet.mvc.method.annotation.RequestMappingHandlerMapping.register | AbstractHandlerMethodMapping.java:543 
2017-01-18 16:12:06.240 | INFO | Mapped "{[/admin/cmsLink/list]}" onto public java.util.Map<java.lang.String, java.lang.Object> tech.wetech.cms.controller.CmsLinkController.list(java.lang.String) | qtp975629453-26 | org.springframework.web.servlet.mvc.method.annotation.RequestMappingHandlerMapping.register | AbstractHandlerMethodMapping.java:543 
2017-01-18 16:12:06.241 | INFO | Mapped "{[/admin/cmsLink/{id}],methods=[GET]}" onto public java.lang.String tech.wetech.cms.controller.CmsLinkController.show(int,org.springframework.ui.Model) | qtp975629453-26 | org.springframework.web.servlet.mvc.method.annotation.RequestMappingHandlerMapping.register | AbstractHandlerMethodMapping.java:543 
2017-01-18 16:12:06.241 | INFO | Mapped "{[/admin/cmsLink/edit],methods=[POST]}" onto public tech.wetech.cms.web.ResponseData tech.wetech.cms.controller.CmsLinkController.edit(tech.wetech.cms.model.CmsLink,org.springframework.validation.BindingResult) | qtp975629453-26 | org.springframework.web.servlet.mvc.method.annotation.RequestMappingHandlerMapping.register | AbstractHandlerMethodMapping.java:543 
2017-01-18 16:12:06.241 | INFO | Mapped "{[/admin/cmsLink/listAllType]}" onto public java.util.List<java.lang.String> tech.wetech.cms.controller.CmsLinkController.listAllType() | qtp975629453-26 | org.springframework.web.servlet.mvc.method.annotation.RequestMappingHandlerMapping.register | AbstractHandlerMethodMapping.java:543 
2017-01-18 16:12:06.242 | INFO | Mapped "{[/admin/cmsLink/getMinAndMaxPos]}" onto public java.util.Map<java.lang.String, java.lang.Integer> tech.wetech.cms.controller.CmsLinkController.getMinAndMaxPos() | qtp975629453-26 | org.springframework.web.servlet.mvc.method.annotation.RequestMappingHandlerMapping.register | AbstractHandlerMethodMapping.java:543 
2017-01-18 16:12:06.243 | INFO | Mapped "{[/admin/cmsLink/cmsLink || /admin/cmsLink/ || /admin/cmsLink]}" onto public java.lang.String tech.wetech.cms.controller.CmsLinkController.cmsLink(org.springframework.ui.Model) | qtp975629453-26 | org.springframework.web.servlet.mvc.method.annotation.RequestMappingHandlerMapping.register | AbstractHandlerMethodMapping.java:543 
2017-01-18 16:12:06.248 | INFO | Mapped "{[/admin/group/group || /admin/group/ || /admin/group]}" onto public java.lang.String tech.wetech.cms.controller.GroupController.group(org.springframework.ui.Model) | qtp975629453-26 | org.springframework.web.servlet.mvc.method.annotation.RequestMappingHandlerMapping.register | AbstractHandlerMethodMapping.java:543 
2017-01-18 16:12:06.248 | INFO | Mapped "{[/admin/group/add],methods=[POST]}" onto public tech.wetech.cms.web.ResponseData tech.wetech.cms.controller.GroupController.add(tech.wetech.cms.model.Group,org.springframework.validation.BindingResult) | qtp975629453-26 | org.springframework.web.servlet.mvc.method.annotation.RequestMappingHandlerMapping.register | AbstractHandlerMethodMapping.java:543 
2017-01-18 16:12:06.249 | INFO | Mapped "{[/admin/group/add],methods=[GET]}" onto public java.lang.String tech.wetech.cms.controller.GroupController.add(org.springframework.ui.Model) | qtp975629453-26 | org.springframework.web.servlet.mvc.method.annotation.RequestMappingHandlerMapping.register | AbstractHandlerMethodMapping.java:543 
2017-01-18 16:12:06.249 | INFO | Mapped "{[/admin/group/update/{id}],methods=[POST]}" onto public java.lang.String tech.wetech.cms.controller.GroupController.update(int,tech.wetech.cms.model.Group,org.springframework.validation.BindingResult) | qtp975629453-26 | org.springframework.web.servlet.mvc.method.annotation.RequestMappingHandlerMapping.register | AbstractHandlerMethodMapping.java:543 
2017-01-18 16:12:06.249 | INFO | Mapped "{[/admin/group/update/{id}],methods=[GET]}" onto public java.lang.String tech.wetech.cms.controller.GroupController.update(int,org.springframework.ui.Model) | qtp975629453-26 | org.springframework.web.servlet.mvc.method.annotation.RequestMappingHandlerMapping.register | AbstractHandlerMethodMapping.java:543 
2017-01-18 16:12:06.250 | INFO | Mapped "{[/admin/group/delete/{id}]}" onto public java.lang.String tech.wetech.cms.controller.GroupController.delete(int) | qtp975629453-26 | org.springframework.web.servlet.mvc.method.annotation.RequestMappingHandlerMapping.register | AbstractHandlerMethodMapping.java:543 
2017-01-18 16:12:06.250 | INFO | Mapped "{[/admin/group/delete]}" onto public tech.wetech.cms.web.ResponseData tech.wetech.cms.controller.GroupController.delete(java.lang.Long[]) | qtp975629453-26 | org.springframework.web.servlet.mvc.method.annotation.RequestMappingHandlerMapping.register | AbstractHandlerMethodMapping.java:543 
2017-01-18 16:12:06.250 | INFO | Mapped "{[/admin/group/groups]}" onto public java.lang.String tech.wetech.cms.controller.GroupController.list(org.springframework.ui.Model) | qtp975629453-26 | org.springframework.web.servlet.mvc.method.annotation.RequestMappingHandlerMapping.register | AbstractHandlerMethodMapping.java:543 
2017-01-18 16:12:06.251 | INFO | Mapped "{[/admin/group/list]}" onto public java.util.Map<java.lang.String, java.lang.Object> tech.wetech.cms.controller.GroupController.list() | qtp975629453-26 | org.springframework.web.servlet.mvc.method.annotation.RequestMappingHandlerMapping.register | AbstractHandlerMethodMapping.java:543 
2017-01-18 16:12:06.251 | INFO | Mapped "{[/admin/group/{id}]}" onto public java.lang.String tech.wetech.cms.controller.GroupController.show(int,org.springframework.ui.Model) | qtp975629453-26 | org.springframework.web.servlet.mvc.method.annotation.RequestMappingHandlerMapping.register | AbstractHandlerMethodMapping.java:543 
2017-01-18 16:12:06.252 | INFO | Mapped "{[/admin/group/edit],methods=[POST]}" onto public tech.wetech.cms.web.ResponseData tech.wetech.cms.controller.GroupController.edit(java.lang.Integer,tech.wetech.cms.model.Group,org.springframework.validation.BindingResult) | qtp975629453-26 | org.springframework.web.servlet.mvc.method.annotation.RequestMappingHandlerMapping.register | AbstractHandlerMethodMapping.java:543 
2017-01-18 16:12:06.252 | INFO | Mapped "{[/admin/group/clearUsers]}" onto public tech.wetech.cms.web.ResponseData tech.wetech.cms.controller.GroupController.clearGroupUsers(int) | qtp975629453-26 | org.springframework.web.servlet.mvc.method.annotation.RequestMappingHandlerMapping.register | AbstractHandlerMethodMapping.java:543 
2017-01-18 16:12:06.252 | INFO | Mapped "{[/admin/group/listChannels/{gid}]}" onto public java.lang.String tech.wetech.cms.controller.GroupController.listChannels(int,org.springframework.ui.Model) | qtp975629453-26 | org.springframework.web.servlet.mvc.method.annotation.RequestMappingHandlerMapping.register | AbstractHandlerMethodMapping.java:543 
2017-01-18 16:12:06.253 | INFO | Mapped "{[/admin/group/groupTree/{gid}]}" onto public java.util.List<tech.wetech.cms.model.ChannelTree> tech.wetech.cms.controller.GroupController.groupTree(java.lang.Integer) | qtp975629453-26 | org.springframework.web.servlet.mvc.method.annotation.RequestMappingHandlerMapping.register | AbstractHandlerMethodMapping.java:543 
2017-01-18 16:12:06.253 | INFO | Mapped "{[/admin/group/setChannels/{gid}]}" onto public java.lang.String tech.wetech.cms.controller.GroupController.setChannels(int,org.springframework.ui.Model) | qtp975629453-26 | org.springframework.web.servlet.mvc.method.annotation.RequestMappingHandlerMapping.register | AbstractHandlerMethodMapping.java:543 
2017-01-18 16:12:06.255 | INFO | Mapped "{[/ || /index]}" onto public java.lang.String tech.wetech.cms.controller.IndexController.index(org.springframework.ui.Model) | qtp975629453-26 | org.springframework.web.servlet.mvc.method.annotation.RequestMappingHandlerMapping.register | AbstractHandlerMethodMapping.java:543 
2017-01-18 16:12:06.256 | INFO | Mapped "{[/search/{con}]}" onto public java.lang.String tech.wetech.cms.controller.IndexController.search(java.lang.String,org.springframework.ui.Model) | qtp975629453-26 | org.springframework.web.servlet.mvc.method.annotation.RequestMappingHandlerMapping.register | AbstractHandlerMethodMapping.java:543 
2017-01-18 16:12:06.256 | INFO | Mapped "{[/search],methods=[POST]}" onto public java.util.List<tech.wetech.cms.model.Topic> tech.wetech.cms.controller.IndexController.search(java.lang.String) | qtp975629453-26 | org.springframework.web.servlet.mvc.method.annotation.RequestMappingHandlerMapping.register | AbstractHandlerMethodMapping.java:543 
2017-01-18 16:12:06.257 | INFO | Mapped "{[/keyword/{con}]}" onto public java.lang.String tech.wetech.cms.controller.IndexController.keyword(java.lang.String,org.springframework.ui.Model) | qtp975629453-26 | org.springframework.web.servlet.mvc.method.annotation.RequestMappingHandlerMapping.register | AbstractHandlerMethodMapping.java:543 
2017-01-18 16:12:06.257 | INFO | Mapped "{[/topics]}" onto public java.lang.String tech.wetech.cms.controller.IndexController.topics(java.lang.String,org.springframework.ui.Model) | qtp975629453-26 | org.springframework.web.servlet.mvc.method.annotation.RequestMappingHandlerMapping.register | AbstractHandlerMethodMapping.java:543 
2017-01-18 16:12:06.258 | INFO | Mapped "{[/topic/{tid}]}" onto public java.lang.String tech.wetech.cms.controller.IndexController.showTopic(int,org.springframework.ui.Model) | qtp975629453-26 | org.springframework.web.servlet.mvc.method.annotation.RequestMappingHandlerMapping.register | AbstractHandlerMethodMapping.java:543 
2017-01-18 16:12:06.258 | INFO | Mapped "{[/channel/{cid}]}" onto public java.lang.String tech.wetech.cms.controller.IndexController.showChannel(int,org.springframework.ui.Model,javax.servlet.http.HttpServletResponse,javax.servlet.http.HttpServletRequest) throws java.io.IOException | qtp975629453-26 | org.springframework.web.servlet.mvc.method.annotation.RequestMappingHandlerMapping.register | AbstractHandlerMethodMapping.java:543 
2017-01-18 16:12:06.264 | INFO | Mapped "{[/admin/pic/indexPic/add],methods=[POST]}" onto public tech.wetech.cms.web.ResponseData tech.wetech.cms.controller.IndexPicController.add(tech.wetech.cms.model.IndexPic,javax.servlet.http.HttpSession,org.springframework.validation.BindingResult,org.springframework.web.multipart.MultipartFile) | qtp975629453-26 | org.springframework.web.servlet.mvc.method.annotation.RequestMappingHandlerMapping.register | AbstractHandlerMethodMapping.java:543 
2017-01-18 16:12:06.265 | INFO | Mapped "{[/admin/pic/indexPic/add],methods=[GET]}" onto public java.lang.String tech.wetech.cms.controller.IndexPicController.add(org.springframework.ui.Model) | qtp975629453-26 | org.springframework.web.servlet.mvc.method.annotation.RequestMappingHandlerMapping.register | AbstractHandlerMethodMapping.java:543 
2017-01-18 16:12:06.265 | INFO | Mapped "{[/admin/pic/indexPic/delete]}" onto public tech.wetech.cms.web.ResponseData tech.wetech.cms.controller.IndexPicController.delete(java.lang.Long[]) | qtp975629453-26 | org.springframework.web.servlet.mvc.method.annotation.RequestMappingHandlerMapping.register | AbstractHandlerMethodMapping.java:543 
2017-01-18 16:12:06.266 | INFO | Mapped "{[/admin/pic/updateIndexPicStatus/{id}]}" onto public java.lang.String tech.wetech.cms.controller.IndexPicController.updateIndexPicStatus(int) | qtp975629453-26 | org.springframework.web.servlet.mvc.method.annotation.RequestMappingHandlerMapping.register | AbstractHandlerMethodMapping.java:543 
2017-01-18 16:12:06.266 | INFO | Mapped "{[/admin/pic/indexPic/edit],methods=[POST]}" onto public tech.wetech.cms.web.ResponseData tech.wetech.cms.controller.IndexPicController.edit(int,tech.wetech.cms.model.IndexPic,javax.servlet.http.HttpSession,org.springframework.validation.BindingResult,org.springframework.web.multipart.MultipartFile) | qtp975629453-26 | org.springframework.web.servlet.mvc.method.annotation.RequestMappingHandlerMapping.register | AbstractHandlerMethodMapping.java:543 
2017-01-18 16:12:06.267 | INFO | Mapped "{[/admin/pic/indexPic/edit/{id}],methods=[GET]}" onto public java.lang.String tech.wetech.cms.controller.IndexPicController.edit(int,org.springframework.ui.Model) | qtp975629453-26 | org.springframework.web.servlet.mvc.method.annotation.RequestMappingHandlerMapping.register | AbstractHandlerMethodMapping.java:543 
2017-01-18 16:12:06.267 | INFO | Mapped "{[/admin/pic/indexPics]}" onto public java.lang.String tech.wetech.cms.controller.IndexPicController.listIndexPic(org.springframework.ui.Model) | qtp975629453-26 | org.springframework.web.servlet.mvc.method.annotation.RequestMappingHandlerMapping.register | AbstractHandlerMethodMapping.java:543 
2017-01-18 16:12:06.267 | INFO | Mapped "{[/admin/pic/listIndexPic]}" onto public java.util.Map<java.lang.String, java.lang.Object> tech.wetech.cms.controller.IndexPicController.listIndexPic() | qtp975629453-26 | org.springframework.web.servlet.mvc.method.annotation.RequestMappingHandlerMapping.register | AbstractHandlerMethodMapping.java:543 
2017-01-18 16:12:06.268 | INFO | Mapped "{[/admin/pic/indexPic]}" onto public java.lang.String tech.wetech.cms.controller.IndexPicController.indexPic(org.springframework.ui.Model) | qtp975629453-26 | org.springframework.web.servlet.mvc.method.annotation.RequestMappingHandlerMapping.register | AbstractHandlerMethodMapping.java:543 
2017-01-18 16:12:06.268 | INFO | Mapped "{[/admin/pic/updateIndexPic/{id}],methods=[POST]}" onto public java.lang.String tech.wetech.cms.controller.IndexPicController.updateIndexPic(int,tech.wetech.cms.model.IndexPic,org.springframework.validation.BindingResult) | qtp975629453-26 | org.springframework.web.servlet.mvc.method.annotation.RequestMappingHandlerMapping.register | AbstractHandlerMethodMapping.java:543 
2017-01-18 16:12:06.269 | INFO | Mapped "{[/admin/pic/updateIndexPic/{id}],methods=[GET]}" onto public java.lang.String tech.wetech.cms.controller.IndexPicController.updateIndexPic(int,org.springframework.ui.Model) | qtp975629453-26 | org.springframework.web.servlet.mvc.method.annotation.RequestMappingHandlerMapping.register | AbstractHandlerMethodMapping.java:543 
2017-01-18 16:12:06.269 | INFO | Mapped "{[/admin/pic/confirmPic],methods=[POST]}" onto public tech.wetech.cms.dto.AjaxObj tech.wetech.cms.controller.IndexPicController.confirmPic(javax.servlet.http.HttpSession,int,int,int,int,java.lang.String) | qtp975629453-26 | org.springframework.web.servlet.mvc.method.annotation.RequestMappingHandlerMapping.register | AbstractHandlerMethodMapping.java:543 
2017-01-18 16:12:06.270 | INFO | Mapped "{[/admin/pic/indexPic/{id}]}" onto public java.lang.String tech.wetech.cms.controller.IndexPicController.showIndexPic(int,org.springframework.ui.Model) | qtp975629453-26 | org.springframework.web.servlet.mvc.method.annotation.RequestMappingHandlerMapping.register | AbstractHandlerMethodMapping.java:543 
2017-01-18 16:12:06.270 | INFO | Mapped "{[/admin/pic/addIndexPic],methods=[GET]}" onto public java.lang.String tech.wetech.cms.controller.IndexPicController.addIndexPic(org.springframework.ui.Model) | qtp975629453-26 | org.springframework.web.servlet.mvc.method.annotation.RequestMappingHandlerMapping.register | AbstractHandlerMethodMapping.java:543 
2017-01-18 16:12:06.270 | INFO | Mapped "{[/admin/pic/addIndexPic],methods=[POST]}" onto public java.lang.String tech.wetech.cms.controller.IndexPicController.addIndexPic(tech.wetech.cms.model.IndexPic,org.springframework.validation.BindingResult) | qtp975629453-26 | org.springframework.web.servlet.mvc.method.annotation.RequestMappingHandlerMapping.register | AbstractHandlerMethodMapping.java:543 
2017-01-18 16:12:06.271 | INFO | Mapped "{[/admin/pic/deleteIndexPic/{id}]}" onto public java.lang.String tech.wetech.cms.controller.IndexPicController.deleteIndexPic(int) | qtp975629453-26 | org.springframework.web.servlet.mvc.method.annotation.RequestMappingHandlerMapping.register | AbstractHandlerMethodMapping.java:543 
2017-01-18 16:12:06.271 | INFO | Mapped "{[/admin/pic/newPics]}" onto public java.lang.String tech.wetech.cms.controller.IndexPicController.listNewPic(org.springframework.ui.Model) | qtp975629453-26 | org.springframework.web.servlet.mvc.method.annotation.RequestMappingHandlerMapping.register | AbstractHandlerMethodMapping.java:543 
2017-01-18 16:12:06.271 | INFO | Mapped "{[/admin/pic/uploadIndexPic],methods=[POST]}" onto public void tech.wetech.cms.controller.IndexPicController.uploadIndexPic(javax.servlet.http.HttpSession,javax.servlet.http.HttpServletResponse,org.springframework.web.multipart.MultipartFile) | qtp975629453-26 | org.springframework.web.servlet.mvc.method.annotation.RequestMappingHandlerMapping.register | AbstractHandlerMethodMapping.java:543 
2017-01-18 16:12:06.272 | INFO | Mapped "{[/login],methods=[POST]}" onto public java.lang.String tech.wetech.cms.controller.LoginController.login(java.lang.String,java.lang.String,java.lang.String,org.springframework.ui.Model,javax.servlet.http.HttpSession) | qtp975629453-26 | org.springframework.web.servlet.mvc.method.annotation.RequestMappingHandlerMapping.register | AbstractHandlerMethodMapping.java:543 
2017-01-18 16:12:06.273 | INFO | Mapped "{[/login],methods=[GET]}" onto public java.lang.String tech.wetech.cms.controller.LoginController.login() | qtp975629453-26 | org.springframework.web.servlet.mvc.method.annotation.RequestMappingHandlerMapping.register | AbstractHandlerMethodMapping.java:543 
2017-01-18 16:12:06.273 | INFO | Mapped "{[/drawCheckCode]}" onto public void tech.wetech.cms.controller.LoginController.drawCheckCode(javax.servlet.http.HttpServletResponse,javax.servlet.http.HttpSession) throws java.io.IOException | qtp975629453-26 | org.springframework.web.servlet.mvc.method.annotation.RequestMappingHandlerMapping.register | AbstractHandlerMethodMapping.java:543 
2017-01-18 16:12:06.275 | INFO | Mapped "{[/admin/role/add],methods=[POST]}" onto public tech.wetech.cms.web.ResponseData tech.wetech.cms.controller.RoleController.add(tech.wetech.cms.model.Role,org.springframework.validation.BindingResult) | qtp975629453-26 | org.springframework.web.servlet.mvc.method.annotation.RequestMappingHandlerMapping.register | AbstractHandlerMethodMapping.java:543 
2017-01-18 16:12:06.275 | INFO | Mapped "{[/admin/role/delete]}" onto public tech.wetech.cms.web.ResponseData tech.wetech.cms.controller.RoleController.delete(java.lang.Long[]) | qtp975629453-26 | org.springframework.web.servlet.mvc.method.annotation.RequestMappingHandlerMapping.register | AbstractHandlerMethodMapping.java:543 
2017-01-18 16:12:06.276 | INFO | Mapped "{[/admin/role/list]}" onto public java.util.Map<java.lang.String, java.lang.Object> tech.wetech.cms.controller.RoleController.list(org.springframework.ui.Model) | qtp975629453-26 | org.springframework.web.servlet.mvc.method.annotation.RequestMappingHandlerMapping.register | AbstractHandlerMethodMapping.java:543 
2017-01-18 16:12:06.276 | INFO | Mapped "{[/admin/role/role || /admin/role/ || /admin/role]}" onto public java.lang.String tech.wetech.cms.controller.RoleController.role(org.springframework.ui.Model) | qtp975629453-26 | org.springframework.web.servlet.mvc.method.annotation.RequestMappingHandlerMapping.register | AbstractHandlerMethodMapping.java:543 
2017-01-18 16:12:06.276 | INFO | Mapped "{[/admin/role/edit],methods=[POST]}" onto public tech.wetech.cms.web.ResponseData tech.wetech.cms.controller.RoleController.edit(java.lang.Integer,tech.wetech.cms.model.Role,org.springframework.validation.BindingResult) | qtp975629453-26 | org.springframework.web.servlet.mvc.method.annotation.RequestMappingHandlerMapping.register | AbstractHandlerMethodMapping.java:543 
2017-01-18 16:12:06.277 | INFO | Mapped "{[/admin/role/clearUsers]}" onto public tech.wetech.cms.web.ResponseData tech.wetech.cms.controller.RoleController.clearUsers(int) | qtp975629453-26 | org.springframework.web.servlet.mvc.method.annotation.RequestMappingHandlerMapping.register | AbstractHandlerMethodMapping.java:543 
2017-01-18 16:12:06.279 | INFO | Mapped "{[/admin/system/clean]}" onto public java.lang.String tech.wetech.cms.controller.SystemController.clean() | qtp975629453-26 | org.springframework.web.servlet.mvc.method.annotation.RequestMappingHandlerMapping.register | AbstractHandlerMethodMapping.java:543 
2017-01-18 16:12:06.280 | INFO | Mapped "{[/admin/system/clean/{name}]}" onto public tech.wetech.cms.web.ResponseData tech.wetech.cms.controller.SystemController.clean(java.lang.String,org.springframework.ui.Model) throws java.io.IOException | qtp975629453-26 | org.springframework.web.servlet.mvc.method.annotation.RequestMappingHandlerMapping.register | AbstractHandlerMethodMapping.java:543 
2017-01-18 16:12:06.280 | INFO | Mapped "{[/admin/system/clean/listNoUseAttachment]}" onto public java.util.Map<java.lang.String, java.lang.Object> tech.wetech.cms.controller.SystemController.listNoUseAttachment() | qtp975629453-26 | org.springframework.web.servlet.mvc.method.annotation.RequestMappingHandlerMapping.register | AbstractHandlerMethodMapping.java:543 
2017-01-18 16:12:06.281 | INFO | Mapped "{[/admin/system/clean/listNoUseIndexPic]}" onto public java.util.List<java.lang.String> tech.wetech.cms.controller.SystemController.listNoUseIndexPic() | qtp975629453-26 | org.springframework.web.servlet.mvc.method.annotation.RequestMappingHandlerMapping.register | AbstractHandlerMethodMapping.java:543 
2017-01-18 16:12:06.281 | INFO | Mapped "{[/admin/system/baseInfo]}" onto public java.lang.String tech.wetech.cms.controller.SystemController.baseInfo() | qtp975629453-26 | org.springframework.web.servlet.mvc.method.annotation.RequestMappingHandlerMapping.register | AbstractHandlerMethodMapping.java:543 
2017-01-18 16:12:06.281 | INFO | Mapped "{[/admin/system/baseInfo/edit],methods=[POST]}" onto public tech.wetech.cms.web.ResponseData tech.wetech.cms.controller.SystemController.editBaseInfo(tech.wetech.cms.model.BaseInfo,org.springframework.validation.BindingResult,javax.servlet.http.HttpSession) | qtp975629453-26 | org.springframework.web.servlet.mvc.method.annotation.RequestMappingHandlerMapping.register | AbstractHandlerMethodMapping.java:543 
2017-01-18 16:12:06.282 | INFO | Mapped "{[/admin/system/cleans]}" onto public java.lang.String tech.wetech.cms.controller.SystemController.listCleans(org.springframework.ui.Model) | qtp975629453-26 | org.springframework.web.servlet.mvc.method.annotation.RequestMappingHandlerMapping.register | AbstractHandlerMethodMapping.java:543 
2017-01-18 16:12:06.289 | INFO | Mapped "{[/admin/topic/add],methods=[GET]}" onto public java.lang.String tech.wetech.cms.controller.TopicController.add(org.springframework.ui.Model) | qtp975629453-26 | org.springframework.web.servlet.mvc.method.annotation.RequestMappingHandlerMapping.register | AbstractHandlerMethodMapping.java:543 
2017-01-18 16:12:06.290 | INFO | Mapped "{[/admin/topic/add],methods=[POST]}" onto public tech.wetech.cms.web.ResponseData tech.wetech.cms.controller.TopicController.add(tech.wetech.cms.dto.TopicDto,org.springframework.validation.BindingResult,java.lang.String[],java.lang.Integer[],javax.servlet.http.HttpSession) | qtp975629453-26 | org.springframework.web.servlet.mvc.method.annotation.RequestMappingHandlerMapping.register | AbstractHandlerMethodMapping.java:543 
2017-01-18 16:12:06.290 | INFO | Mapped "{[/admin/topic/update/{id}],methods=[GET]}" onto public java.lang.String tech.wetech.cms.controller.TopicController.update(int,org.springframework.ui.Model) | qtp975629453-26 | org.springframework.web.servlet.mvc.method.annotation.RequestMappingHandlerMapping.register | AbstractHandlerMethodMapping.java:543 
2017-01-18 16:12:06.291 | INFO | Mapped "{[/admin/topic/update/{id}],methods=[POST]}" onto public java.lang.String tech.wetech.cms.controller.TopicController.update(int,tech.wetech.cms.dto.TopicDto,org.springframework.validation.BindingResult,java.lang.String[],java.lang.Integer[],javax.servlet.http.HttpSession) | qtp975629453-26 | org.springframework.web.servlet.mvc.method.annotation.RequestMappingHandlerMapping.register | AbstractHandlerMethodMapping.java:543 
2017-01-18 16:12:06.291 | INFO | Mapped "{[/admin/topic/delete]}" onto public tech.wetech.cms.web.ResponseData tech.wetech.cms.controller.TopicController.delete(java.lang.Long[]) | qtp975629453-26 | org.springframework.web.servlet.mvc.method.annotation.RequestMappingHandlerMapping.register | AbstractHandlerMethodMapping.java:543 
2017-01-18 16:12:06.292 | INFO | Mapped "{[/admin/topic/delete/{id}]}" onto public java.lang.String tech.wetech.cms.controller.TopicController.delete(int,java.lang.Integer) | qtp975629453-26 | org.springframework.web.servlet.mvc.method.annotation.RequestMappingHandlerMapping.register | AbstractHandlerMethodMapping.java:543 
2017-01-18 16:12:06.292 | INFO | Mapped "{[/admin/topic/list]}" onto public java.util.Map<java.lang.String, java.lang.Object> tech.wetech.cms.controller.TopicController.list(java.lang.String,java.lang.Integer,org.springframework.ui.Model,javax.servlet.http.HttpSession,java.lang.Integer) | qtp975629453-26 | org.springframework.web.servlet.mvc.method.annotation.RequestMappingHandlerMapping.register | AbstractHandlerMethodMapping.java:543 
2017-01-18 16:12:06.293 | INFO | Mapped "{[/admin/topic/treeAll]}" onto public java.util.List<tech.wetech.cms.model.ChannelTree> tech.wetech.cms.controller.TopicController.tree(javax.servlet.http.HttpSession) | qtp975629453-26 | org.springframework.web.servlet.mvc.method.annotation.RequestMappingHandlerMapping.register | AbstractHandlerMethodMapping.java:543 
2017-01-18 16:12:06.294 | INFO | Mapped "{[/admin/topic/{id}]}" onto public java.lang.String tech.wetech.cms.controller.TopicController.show(int,org.springframework.ui.Model) | qtp975629453-26 | org.springframework.web.servlet.mvc.method.annotation.RequestMappingHandlerMapping.register | AbstractHandlerMethodMapping.java:543 
2017-01-18 16:12:06.294 | INFO | Mapped "{[/admin/topic/upload],methods=[POST]}" onto public tech.wetech.cms.web.ResponseData tech.wetech.cms.controller.TopicController.upload(org.springframework.web.multipart.MultipartFile) throws java.io.IOException | qtp975629453-26 | org.springframework.web.servlet.mvc.method.annotation.RequestMappingHandlerMapping.register | AbstractHandlerMethodMapping.java:543 
2017-01-18 16:12:06.295 | INFO | Mapped "{[/admin/topic/add2],methods=[GET]}" onto public java.lang.String tech.wetech.cms.controller.TopicController.add2(org.springframework.ui.Model) | qtp975629453-26 | org.springframework.web.servlet.mvc.method.annotation.RequestMappingHandlerMapping.register | AbstractHandlerMethodMapping.java:543 
2017-01-18 16:12:06.296 | INFO | Mapped "{[/admin/topic/searchKeyword]}" onto public java.util.List<java.lang.String> tech.wetech.cms.controller.TopicController.searchKeyword(java.lang.String) | qtp975629453-26 | org.springframework.web.servlet.mvc.method.annotation.RequestMappingHandlerMapping.register | AbstractHandlerMethodMapping.java:543 
2017-01-18 16:12:06.296 | INFO | Mapped "{[/admin/topic/changeStatus/{id}]}" onto public java.lang.String tech.wetech.cms.controller.TopicController.changeStatus(int,java.lang.Integer) | qtp975629453-26 | org.springframework.web.servlet.mvc.method.annotation.RequestMappingHandlerMapping.register | AbstractHandlerMethodMapping.java:543 
2017-01-18 16:12:06.296 | INFO | Mapped "{[/admin/topic/edit],methods=[POST]}" onto public tech.wetech.cms.web.ResponseData tech.wetech.cms.controller.TopicController.edit(int,tech.wetech.cms.dto.TopicDto,org.springframework.validation.BindingResult,java.lang.String[],java.lang.Integer[],javax.servlet.http.HttpSession) | qtp975629453-26 | org.springframework.web.servlet.mvc.method.annotation.RequestMappingHandlerMapping.register | AbstractHandlerMethodMapping.java:543 
2017-01-18 16:12:06.297 | INFO | Mapped "{[/admin/topic/edit/{id}],methods=[GET]}" onto public java.lang.String tech.wetech.cms.controller.TopicController.edit(int,org.springframework.ui.Model) | qtp975629453-26 | org.springframework.web.servlet.mvc.method.annotation.RequestMappingHandlerMapping.register | AbstractHandlerMethodMapping.java:543 
2017-01-18 16:12:06.297 | INFO | Mapped "{[/admin/topic/topic || /admin/topic/ || /admin/topic]}" onto public java.lang.String tech.wetech.cms.controller.TopicController.topic(org.springframework.ui.Model) | qtp975629453-26 | org.springframework.web.servlet.mvc.method.annotation.RequestMappingHandlerMapping.register | AbstractHandlerMethodMapping.java:543 
2017-01-18 16:12:06.297 | INFO | Mapped "{[/admin/topic/unaudits]}" onto public java.lang.String tech.wetech.cms.controller.TopicController.unauditList(java.lang.String,java.lang.Integer,org.springframework.ui.Model,javax.servlet.http.HttpSession) | qtp975629453-26 | org.springframework.web.servlet.mvc.method.annotation.RequestMappingHandlerMapping.register | AbstractHandlerMethodMapping.java:543 
2017-01-18 16:12:06.304 | INFO | Mapped "{[/admin/user/add],methods=[POST]}" onto public tech.wetech.cms.web.ResponseData tech.wetech.cms.controller.UserController.add(tech.wetech.cms.dto.UserDto,org.springframework.validation.BindingResult) | qtp975629453-26 | org.springframework.web.servlet.mvc.method.annotation.RequestMappingHandlerMapping.register | AbstractHandlerMethodMapping.java:543 
2017-01-18 16:12:06.304 | INFO | Mapped "{[/admin/user/update/{id}],methods=[GET]}" onto public java.lang.String tech.wetech.cms.controller.UserController.update(int,org.springframework.ui.Model) | qtp975629453-26 | org.springframework.web.servlet.mvc.method.annotation.RequestMappingHandlerMapping.register | AbstractHandlerMethodMapping.java:543 
2017-01-18 16:12:06.305 | INFO | Mapped "{[/admin/user/update/{id}],methods=[POST]}" onto public java.lang.String tech.wetech.cms.controller.UserController.update(int,tech.wetech.cms.dto.UserDto,org.springframework.validation.BindingResult,org.springframework.ui.Model) | qtp975629453-26 | org.springframework.web.servlet.mvc.method.annotation.RequestMappingHandlerMapping.register | AbstractHandlerMethodMapping.java:543 
2017-01-18 16:12:06.305 | INFO | Mapped "{[/admin/user/load/{id}],methods=[GET]}" onto public tech.wetech.cms.dto.UserDto tech.wetech.cms.controller.UserController.load(java.lang.Integer) | qtp975629453-26 | org.springframework.web.servlet.mvc.method.annotation.RequestMappingHandlerMapping.register | AbstractHandlerMethodMapping.java:543 
2017-01-18 16:12:06.305 | INFO | Mapped "{[/admin/user/delete/{id}],methods=[GET]}" onto public java.lang.String tech.wetech.cms.controller.UserController.delete(int) | qtp975629453-26 | org.springframework.web.servlet.mvc.method.annotation.RequestMappingHandlerMapping.register | AbstractHandlerMethodMapping.java:543 
2017-01-18 16:12:06.306 | INFO | Mapped "{[/admin/user/delete]}" onto public tech.wetech.cms.web.ResponseData tech.wetech.cms.controller.UserController.delete(java.lang.Long[]) | qtp975629453-26 | org.springframework.web.servlet.mvc.method.annotation.RequestMappingHandlerMapping.register | AbstractHandlerMethodMapping.java:543 
2017-01-18 16:12:06.306 | INFO | Mapped "{[/admin/user/list]}" onto public java.util.Map<java.lang.String, java.lang.Object> tech.wetech.cms.controller.UserController.list(javax.servlet.http.HttpServletRequest) | qtp975629453-26 | org.springframework.web.servlet.mvc.method.annotation.RequestMappingHandlerMapping.register | AbstractHandlerMethodMapping.java:543 
2017-01-18 16:12:06.306 | INFO | Mapped "{[/admin/user/{id}],methods=[GET]}" onto public java.lang.String tech.wetech.cms.controller.UserController.show(int,org.springframework.ui.Model) | qtp975629453-26 | org.springframework.web.servlet.mvc.method.annotation.RequestMappingHandlerMapping.register | AbstractHandlerMethodMapping.java:543 
2017-01-18 16:12:06.307 | INFO | Mapped "{[/admin/user/user || /admin/user/ || /admin/user]}" onto public java.lang.String tech.wetech.cms.controller.UserController.user(org.springframework.ui.Model) | qtp975629453-26 | org.springframework.web.servlet.mvc.method.annotation.RequestMappingHandlerMapping.register | AbstractHandlerMethodMapping.java:543 
2017-01-18 16:12:06.307 | INFO | Mapped "{[/admin/user/updatePwd],methods=[GET]}" onto public java.lang.String tech.wetech.cms.controller.UserController.updatePwd(org.springframework.ui.Model,javax.servlet.http.HttpSession) | qtp975629453-26 | org.springframework.web.servlet.mvc.method.annotation.RequestMappingHandlerMapping.register | AbstractHandlerMethodMapping.java:543 
2017-01-18 16:12:06.307 | INFO | Mapped "{[/admin/user/updatePwd],methods=[POST]}" onto public java.lang.String tech.wetech.cms.controller.UserController.updatePwd(int,java.lang.String,java.lang.String) | qtp975629453-26 | org.springframework.web.servlet.mvc.method.annotation.RequestMappingHandlerMapping.register | AbstractHandlerMethodMapping.java:543 
2017-01-18 16:12:06.308 | INFO | Mapped "{[/admin/user/updateSelf],methods=[GET]}" onto public java.lang.String tech.wetech.cms.controller.UserController.updateSelf(org.springframework.ui.Model,javax.servlet.http.HttpSession) | qtp975629453-26 | org.springframework.web.servlet.mvc.method.annotation.RequestMappingHandlerMapping.register | AbstractHandlerMethodMapping.java:543 
2017-01-18 16:12:06.308 | INFO | Mapped "{[/admin/user/updateSelf],methods=[POST]}" onto public java.lang.String tech.wetech.cms.controller.UserController.updateSelf(tech.wetech.cms.dto.UserDto,org.springframework.validation.BindingResult,org.springframework.ui.Model,javax.servlet.http.HttpSession) | qtp975629453-26 | org.springframework.web.servlet.mvc.method.annotation.RequestMappingHandlerMapping.register | AbstractHandlerMethodMapping.java:543 
2017-01-18 16:12:06.308 | INFO | Mapped "{[/admin/user/showSelf]}" onto public java.lang.String tech.wetech.cms.controller.UserController.showSelf(org.springframework.ui.Model,javax.servlet.http.HttpSession) | qtp975629453-26 | org.springframework.web.servlet.mvc.method.annotation.RequestMappingHandlerMapping.register | AbstractHandlerMethodMapping.java:543 
2017-01-18 16:12:06.308 | INFO | Mapped "{[/admin/user/edit],methods=[POST]}" onto public tech.wetech.cms.web.ResponseData tech.wetech.cms.controller.UserController.edit(java.lang.Integer,tech.wetech.cms.dto.UserDto,org.springframework.validation.BindingResult) | qtp975629453-26 | org.springframework.web.servlet.mvc.method.annotation.RequestMappingHandlerMapping.register | AbstractHandlerMethodMapping.java:543 
2017-01-18 16:12:06.309 | INFO | Mapped "{[/admin/user/listChannels/{uid}]}" onto public java.lang.String tech.wetech.cms.controller.UserController.listChannels(int,org.springframework.ui.Model) | qtp975629453-26 | org.springframework.web.servlet.mvc.method.annotation.RequestMappingHandlerMapping.register | AbstractHandlerMethodMapping.java:543 
2017-01-18 16:12:06.309 | INFO | Mapped "{[/admin/user/userTree/{uid}]}" onto public java.util.List<tech.wetech.cms.model.ChannelTree> tech.wetech.cms.controller.UserController.groupTree(java.lang.Integer,java.lang.Integer) | qtp975629453-26 | org.springframework.web.servlet.mvc.method.annotation.RequestMappingHandlerMapping.register | AbstractHandlerMethodMapping.java:543 
2017-01-18 16:12:06.309 | INFO | Mapped "{[/admin/user/updateStatus/{id}],methods=[GET]}" onto public java.lang.String tech.wetech.cms.controller.UserController.updateStatus(int) | qtp975629453-26 | org.springframework.web.servlet.mvc.method.annotation.RequestMappingHandlerMapping.register | AbstractHandlerMethodMapping.java:543 
2017-01-18 16:12:06.889 | INFO | Looking for @ControllerAdvice: WebApplicationContext for namespace 'cms-servlet': startup date [Wed Jan 18 16:12:05 CST 2017]; parent: Root WebApplicationContext | qtp975629453-26 | org.springframework.web.servlet.mvc.method.annotation.RequestMappingHandlerAdapter.initControllerAdviceCache | RequestMappingHandlerAdapter.java:534 
2017-01-18 16:12:06.977 | INFO | Looking for @ControllerAdvice: WebApplicationContext for namespace 'cms-servlet': startup date [Wed Jan 18 16:12:05 CST 2017]; parent: Root WebApplicationContext | qtp975629453-26 | org.springframework.web.servlet.mvc.method.annotation.RequestMappingHandlerAdapter.initControllerAdviceCache | RequestMappingHandlerAdapter.java:534 
2017-01-18 16:12:07.184 | INFO | Mapped URL path [/resources/**] onto handler 'org.springframework.web.servlet.resource.ResourceHttpRequestHandler#0' | qtp975629453-26 | org.springframework.web.servlet.handler.SimpleUrlHandlerMapping.registerHandler | AbstractUrlHandlerMapping.java:354 
2017-01-18 16:12:07.286 | INFO | Starting: DwrController v3.0.0-FINAL on jetty/8.1.5.v20120716 / JDK 1.8.0_101 from Oracle Corporation at  | qtp975629453-26 | org.directwebremoting.log.startup.logStartup | StartupUtil.java:158 
2017-01-18 16:12:07.534 | INFO | Starting: Using container abstraction org.directwebremoting.server.servlet3.Servlet30ContainerAbstraction | qtp975629453-26 | org.directwebremoting.log.startup.resolveMultipleImplementations | StartupUtil.java:378 
2017-01-18 16:12:07.557 | INFO | Probably not an issue: the url:/gi.js (org.directwebremoting.gi.GiHandler) Handler is not available. This is only an problem if you wanted to use it. | qtp975629453-26 | org.directwebremoting.servlet.UrlProcessor.afterContainerSetup | UrlProcessor.java:76 
2017-01-18 16:12:07.740 | INFO | Mapped URL path [/dwr/**/*] onto handler 'dwrController' | qtp975629453-26 | org.springframework.web.servlet.handler.SimpleUrlHandlerMapping.registerHandler | AbstractUrlHandlerMapping.java:354 
2017-01-18 16:12:07.919 | INFO | FrameworkServlet 'cms': initialization completed in 2222 ms | qtp975629453-26 | org.springframework.web.servlet.DispatcherServlet.initServletBean | FrameworkServlet.java:508 
2017-01-18 16:13:01.623 | INFO | Closing WebApplicationContext for namespace 'cms-servlet': startup date [Wed Jan 18 16:12:05 CST 2017]; parent: Root WebApplicationContext | Scanner-0 | org.springframework.web.context.support.XmlWebApplicationContext.doClose | AbstractApplicationContext.java:982 
2017-01-18 16:13:01.640 | INFO | Closing Root WebApplicationContext: startup date [Wed Jan 18 16:11:50 CST 2017]; root of context hierarchy | Scanner-0 | org.springframework.web.context.support.XmlWebApplicationContext.doClose | AbstractApplicationContext.java:982 
2017-01-18 16:13:11.657 | INFO | Root WebApplicationContext: initialization started | Scanner-0 | org.springframework.web.context.ContextLoader.initWebApplicationContext | ContextLoader.java:305 
2017-01-18 16:13:11.730 | INFO | Refreshing Root WebApplicationContext: startup date [Wed Jan 18 16:13:11 CST 2017]; root of context hierarchy | Scanner-0 | org.springframework.web.context.support.XmlWebApplicationContext.prepareRefresh | AbstractApplicationContext.java:581 
2017-01-18 16:13:11.761 | INFO | Loading XML bean definitions from URL [jar:file:/D:/Java/maven/repository/tech/wetech/wetech-core/0.0.1-SNAPSHOT/wetech-core-0.0.1-SNAPSHOT.jar!/beans.xml] | Scanner-0 | org.springframework.beans.factory.xml.XmlBeanDefinitionReader.loadBeanDefinitions | XmlBeanDefinitionReader.java:317 
2017-01-18 16:13:12.185 | INFO | Loading properties file from class path resource [jdbc.properties] | Scanner-0 | org.springframework.beans.factory.config.PropertyPlaceholderConfigurer.loadProperties | PropertiesLoaderSupport.java:172 
2017-01-18 16:13:12.191 | INFO | JSR-330 'javax.inject.Inject' annotation found and supported for autowiring | Scanner-0 | org.springframework.beans.factory.annotation.AutowiredAnnotationBeanPostProcessor.<init> | AutowiredAnnotationBeanPostProcessor.java:155 
2017-01-18 16:13:12.859 | INFO | HCANN000001: Hibernate Commons Annotations {4.0.1.Final} | Scanner-0 | org.hibernate.annotations.common.Version.<clinit> | Version.java:37 
2017-01-18 16:13:12.872 | INFO | HHH000412: Hibernate Core {4.2.0.Final} | Scanner-0 | org.hibernate.Version.logVersion | Version.java:41 
2017-01-18 16:13:12.876 | INFO | HHH000206: hibernate.properties not found | Scanner-0 | org.hibernate.cfg.Environment.<clinit> | Environment.java:239 
2017-01-18 16:13:12.879 | INFO | HHH000021: Bytecode provider name : javassist | Scanner-0 | org.hibernate.cfg.Environment.buildBytecodeProvider | Environment.java:342 
2017-01-18 16:13:13.483 | INFO | HHH000400: Using dialect: org.hibernate.dialect.MySQLDialect | Scanner-0 | org.hibernate.dialect.Dialect.<init> | Dialect.java:128 
2017-01-18 16:13:13.503 | INFO | HHH000399: Using default transaction strategy (direct JDBC transactions) | Scanner-0 | org.hibernate.engine.transaction.internal.TransactionFactoryInitiator.initiateService | TransactionFactoryInitiator.java:68 
2017-01-18 16:13:13.509 | INFO | HHH000397: Using ASTQueryTranslatorFactory | Scanner-0 | org.hibernate.hql.internal.ast.ASTQueryTranslatorFactory.<init> | ASTQueryTranslatorFactory.java:48 
2017-01-18 16:13:13.557 | INFO | HV000001: Hibernate Validator 4.3.1.Final | Scanner-0 | org.hibernate.validator.internal.util.Version.<clinit> | Version.java:27 
2017-01-18 16:13:13.903 | INFO | HHH000228: Running hbm2ddl schema update | Scanner-0 | org.hibernate.tool.hbm2ddl.SchemaUpdate.execute | SchemaUpdate.java:182 
2017-01-18 16:13:13.904 | INFO | HHH000102: Fetching database metadata | Scanner-0 | org.hibernate.tool.hbm2ddl.SchemaUpdate.execute | SchemaUpdate.java:193 
2017-01-18 16:13:13.907 | INFO | HHH000396: Updating schema | Scanner-0 | org.hibernate.tool.hbm2ddl.SchemaUpdate.execute | SchemaUpdate.java:205 
2017-01-18 16:13:13.935 | INFO | HHH000261: Table found: wetech_cms.t_attachment | Scanner-0 | org.hibernate.tool.hbm2ddl.TableMetadata.<init> | TableMetadata.java:65 
2017-01-18 16:13:13.936 | INFO | HHH000037: Columns: [is_img, size, is_index_pic, old_name, id, suffix, type, create_date, is_attach, tid, new_name] | Scanner-0 | org.hibernate.tool.hbm2ddl.TableMetadata.<init> | TableMetadata.java:66 
2017-01-18 16:13:13.936 | INFO | HHH000108: Foreign keys: [fk48549dceefdd7fd5] | Scanner-0 | org.hibernate.tool.hbm2ddl.TableMetadata.<init> | TableMetadata.java:68 
2017-01-18 16:13:13.936 | INFO | HHH000126: Indexes: [fk48549dceefdd7fd5, primary] | Scanner-0 | org.hibernate.tool.hbm2ddl.TableMetadata.<init> | TableMetadata.java:69 
2017-01-18 16:13:13.953 | INFO | HHH000261: Table found: wetech_cms.t_channel | Scanner-0 | org.hibernate.tool.hbm2ddl.TableMetadata.<init> | TableMetadata.java:65 
2017-01-18 16:13:13.953 | INFO | HHH000037: Columns: [custom_link, custom_link_url, is_index, is_top_nav, recommend, pid, is_leaf, type, descn, nav_order, name, orders, show_index, id, status] | Scanner-0 | org.hibernate.tool.hbm2ddl.TableMetadata.<init> | TableMetadata.java:66 
2017-01-18 16:13:13.954 | INFO | HHH000108: Foreign keys: [fke79d7038d7ddf6e5] | Scanner-0 | org.hibernate.tool.hbm2ddl.TableMetadata.<init> | TableMetadata.java:68 
2017-01-18 16:13:13.954 | INFO | HHH000126: Indexes: [fke79d7038d7ddf6e5, primary] | Scanner-0 | org.hibernate.tool.hbm2ddl.TableMetadata.<init> | TableMetadata.java:69 
2017-01-18 16:13:13.969 | INFO | HHH000261: Table found: wetech_cms.t_cms_link | Scanner-0 | org.hibernate.tool.hbm2ddl.TableMetadata.<init> | TableMetadata.java:65 
2017-01-18 16:13:13.970 | INFO | HHH000037: Columns: [pos, url_class, link_url, id, url_id, title, type, new_win, link_id, url, link_clz] | Scanner-0 | org.hibernate.tool.hbm2ddl.TableMetadata.<init> | TableMetadata.java:66 
2017-01-18 16:13:13.970 | INFO | HHH000108: Foreign keys: [] | Scanner-0 | org.hibernate.tool.hbm2ddl.TableMetadata.<init> | TableMetadata.java:68 
2017-01-18 16:13:13.970 | INFO | HHH000126: Indexes: [primary] | Scanner-0 | org.hibernate.tool.hbm2ddl.TableMetadata.<init> | TableMetadata.java:69 
2017-01-18 16:13:13.982 | INFO | HHH000261: Table found: wetech_cms.t_group | Scanner-0 | org.hibernate.tool.hbm2ddl.TableMetadata.<init> | TableMetadata.java:65 
2017-01-18 16:13:13.982 | INFO | HHH000037: Columns: [descr, name, id] | Scanner-0 | org.hibernate.tool.hbm2ddl.TableMetadata.<init> | TableMetadata.java:66 
2017-01-18 16:13:13.982 | INFO | HHH000108: Foreign keys: [] | Scanner-0 | org.hibernate.tool.hbm2ddl.TableMetadata.<init> | TableMetadata.java:68 
2017-01-18 16:13:13.983 | INFO | HHH000126: Indexes: [primary] | Scanner-0 | org.hibernate.tool.hbm2ddl.TableMetadata.<init> | TableMetadata.java:69 
2017-01-18 16:13:13.996 | INFO | HHH000261: Table found: wetech_cms.t_group_channel | Scanner-0 | org.hibernate.tool.hbm2ddl.TableMetadata.<init> | TableMetadata.java:65 
2017-01-18 16:13:13.996 | INFO | HHH000037: Columns: [g_id, c_id, id] | Scanner-0 | org.hibernate.tool.hbm2ddl.TableMetadata.<init> | TableMetadata.java:66 
2017-01-18 16:13:13.996 | INFO | HHH000108: Foreign keys: [fkb7d322b8ef562c89, fkb7d322b8d80ab7d1] | Scanner-0 | org.hibernate.tool.hbm2ddl.TableMetadata.<init> | TableMetadata.java:68 
2017-01-18 16:13:13.996 | INFO | HHH000126: Indexes: [fkb7d322b8ef562c89, primary, fkb7d322b8d80ab7d1] | Scanner-0 | org.hibernate.tool.hbm2ddl.TableMetadata.<init> | TableMetadata.java:69 
2017-01-18 16:13:14.009 | INFO | HHH000261: Table found: wetech_cms.t_index_pic | Scanner-0 | org.hibernate.tool.hbm2ddl.TableMetadata.<init> | TableMetadata.java:65 
2017-01-18 16:13:14.010 | INFO | HHH000037: Columns: [link_type, sub_title, old_name, pos, thumbnail_pic, link_url, id, pic, create_date, title, status, new_name] | Scanner-0 | org.hibernate.tool.hbm2ddl.TableMetadata.<init> | TableMetadata.java:66 
2017-01-18 16:13:14.010 | INFO | HHH000108: Foreign keys: [] | Scanner-0 | org.hibernate.tool.hbm2ddl.TableMetadata.<init> | TableMetadata.java:68 
2017-01-18 16:13:14.010 | INFO | HHH000126: Indexes: [primary] | Scanner-0 | org.hibernate.tool.hbm2ddl.TableMetadata.<init> | TableMetadata.java:69 
2017-01-18 16:13:14.025 | INFO | HHH000261: Table found: wetech_cms.t_keyword | Scanner-0 | org.hibernate.tool.hbm2ddl.TableMetadata.<init> | TableMetadata.java:65 
2017-01-18 16:13:14.026 | INFO | HHH000037: Columns: [name_short_py, times, name, id, name_full_py] | Scanner-0 | org.hibernate.tool.hbm2ddl.TableMetadata.<init> | TableMetadata.java:66 
2017-01-18 16:13:14.026 | INFO | HHH000108: Foreign keys: [] | Scanner-0 | org.hibernate.tool.hbm2ddl.TableMetadata.<init> | TableMetadata.java:68 
2017-01-18 16:13:14.026 | INFO | HHH000126: Indexes: [primary] | Scanner-0 | org.hibernate.tool.hbm2ddl.TableMetadata.<init> | TableMetadata.java:69 
2017-01-18 16:13:14.041 | INFO | HHH000261: Table found: wetech_cms.t_role | Scanner-0 | org.hibernate.tool.hbm2ddl.TableMetadata.<init> | TableMetadata.java:65 
2017-01-18 16:13:14.042 | INFO | HHH000037: Columns: [role_type, name, id] | Scanner-0 | org.hibernate.tool.hbm2ddl.TableMetadata.<init> | TableMetadata.java:66 
2017-01-18 16:13:14.042 | INFO | HHH000108: Foreign keys: [] | Scanner-0 | org.hibernate.tool.hbm2ddl.TableMetadata.<init> | TableMetadata.java:68 
2017-01-18 16:13:14.042 | INFO | HHH000126: Indexes: [primary] | Scanner-0 | org.hibernate.tool.hbm2ddl.TableMetadata.<init> | TableMetadata.java:69 
2017-01-18 16:13:14.056 | INFO | HHH000261: Table found: wetech_cms.t_topic | Scanner-0 | org.hibernate.tool.hbm2ddl.TableMetadata.<init> | TableMetadata.java:65 
2017-01-18 16:13:14.056 | INFO | HHH000037: Columns: [summary, thumb, author, cname, channel_pic_id, recommend, title, content, uid, id, create_date, keyword, publish_date, status, cid] | Scanner-0 | org.hibernate.tool.hbm2ddl.TableMetadata.<init> | TableMetadata.java:66 
2017-01-18 16:13:14.057 | INFO | HHH000108: Foreign keys: [fka10609a452119f24, fka10609a4d7ddc618] | Scanner-0 | org.hibernate.tool.hbm2ddl.TableMetadata.<init> | TableMetadata.java:68 
2017-01-18 16:13:14.057 | INFO | HHH000126: Indexes: [fka10609a452119f24, fka10609a4d7ddc618, primary] | Scanner-0 | org.hibernate.tool.hbm2ddl.TableMetadata.<init> | TableMetadata.java:69 
2017-01-18 16:13:14.070 | INFO | HHH000261: Table found: wetech_cms.t_user | Scanner-0 | org.hibernate.tool.hbm2ddl.TableMetadata.<init> | TableMetadata.java:65 
2017-01-18 16:13:14.070 | INFO | HHH000037: Columns: [password, phone, nickname, id, create_date, email, status, username] | Scanner-0 | org.hibernate.tool.hbm2ddl.TableMetadata.<init> | TableMetadata.java:66 
2017-01-18 16:13:14.071 | INFO | HHH000108: Foreign keys: [] | Scanner-0 | org.hibernate.tool.hbm2ddl.TableMetadata.<init> | TableMetadata.java:68 
2017-01-18 16:13:14.071 | INFO | HHH000126: Indexes: [primary] | Scanner-0 | org.hibernate.tool.hbm2ddl.TableMetadata.<init> | TableMetadata.java:69 
2017-01-18 16:13:14.082 | INFO | HHH000261: Table found: wetech_cms.t_user_group | Scanner-0 | org.hibernate.tool.hbm2ddl.TableMetadata.<init> | TableMetadata.java:65 
2017-01-18 16:13:14.083 | INFO | HHH000037: Columns: [g_id, u_id, id] | Scanner-0 | org.hibernate.tool.hbm2ddl.TableMetadata.<init> | TableMetadata.java:66 
2017-01-18 16:13:14.083 | INFO | HHH000108: Foreign keys: [fk300645b652467bf9, fk300645b6ef562c89] | Scanner-0 | org.hibernate.tool.hbm2ddl.TableMetadata.<init> | TableMetadata.java:68 
2017-01-18 16:13:14.083 | INFO | HHH000126: Indexes: [fk300645b652467bf9, fk300645b6ef562c89, primary] | Scanner-0 | org.hibernate.tool.hbm2ddl.TableMetadata.<init> | TableMetadata.java:69 
2017-01-18 16:13:14.094 | INFO | HHH000261: Table found: wetech_cms.t_user_role | Scanner-0 | org.hibernate.tool.hbm2ddl.TableMetadata.<init> | TableMetadata.java:65 
2017-01-18 16:13:14.094 | INFO | HHH000037: Columns: [u_id, id, r_id] | Scanner-0 | org.hibernate.tool.hbm2ddl.TableMetadata.<init> | TableMetadata.java:66 
2017-01-18 16:13:14.095 | INFO | HHH000108: Foreign keys: [fk331dee5f52467bf9, fk331dee5f5243b387] | Scanner-0 | org.hibernate.tool.hbm2ddl.TableMetadata.<init> | TableMetadata.java:68 
2017-01-18 16:13:14.095 | INFO | HHH000126: Indexes: [fk331dee5f52467bf9, fk331dee5f5243b387, primary] | Scanner-0 | org.hibernate.tool.hbm2ddl.TableMetadata.<init> | TableMetadata.java:69 
2017-01-18 16:13:14.096 | INFO | HHH000232: Schema update complete | Scanner-0 | org.hibernate.tool.hbm2ddl.SchemaUpdate.execute | SchemaUpdate.java:240 
2017-01-18 16:13:14.278 | INFO | Using DataSource [org.apache.commons.dbcp2.BasicDataSource@43956fee] of Hibernate SessionFactory for HibernateTransactionManager | Scanner-0 | org.springframework.orm.hibernate4.HibernateTransactionManager.afterPropertiesSet | HibernateTransactionManager.java:360 
2017-01-18 16:13:14.675 | INFO | Root WebApplicationContext: initialization completed in 3016 ms | Scanner-0 | org.springframework.web.context.ContextLoader.initWebApplicationContext | ContextLoader.java:345 
2017-01-18 16:13:18.367 | INFO | Closing Root WebApplicationContext: startup date [Wed Jan 18 16:13:11 CST 2017]; root of context hierarchy | Scanner-0 | org.springframework.web.context.support.XmlWebApplicationContext.doClose | AbstractApplicationContext.java:982 
2017-01-18 16:13:33.117 | INFO | Root WebApplicationContext: initialization started | Scanner-0 | org.springframework.web.context.ContextLoader.initWebApplicationContext | ContextLoader.java:305 
2017-01-18 16:13:33.181 | INFO | Refreshing Root WebApplicationContext: startup date [Wed Jan 18 16:13:33 CST 2017]; root of context hierarchy | Scanner-0 | org.springframework.web.context.support.XmlWebApplicationContext.prepareRefresh | AbstractApplicationContext.java:581 
2017-01-18 16:13:33.209 | INFO | Loading XML bean definitions from URL [jar:file:/D:/Java/maven/repository/tech/wetech/wetech-core/0.0.1-SNAPSHOT/wetech-core-0.0.1-SNAPSHOT.jar!/beans.xml] | Scanner-0 | org.springframework.beans.factory.xml.XmlBeanDefinitionReader.loadBeanDefinitions | XmlBeanDefinitionReader.java:317 
2017-01-18 16:13:33.777 | INFO | Loading properties file from class path resource [jdbc.properties] | Scanner-0 | org.springframework.beans.factory.config.PropertyPlaceholderConfigurer.loadProperties | PropertiesLoaderSupport.java:172 
2017-01-18 16:13:33.783 | INFO | JSR-330 'javax.inject.Inject' annotation found and supported for autowiring | Scanner-0 | org.springframework.beans.factory.annotation.AutowiredAnnotationBeanPostProcessor.<init> | AutowiredAnnotationBeanPostProcessor.java:155 
2017-01-18 16:13:34.345 | INFO | HCANN000001: Hibernate Commons Annotations {4.0.1.Final} | Scanner-0 | org.hibernate.annotations.common.Version.<clinit> | Version.java:37 
2017-01-18 16:13:34.356 | INFO | HHH000412: Hibernate Core {4.2.0.Final} | Scanner-0 | org.hibernate.Version.logVersion | Version.java:41 
2017-01-18 16:13:34.361 | INFO | HHH000206: hibernate.properties not found | Scanner-0 | org.hibernate.cfg.Environment.<clinit> | Environment.java:239 
2017-01-18 16:13:34.363 | INFO | HHH000021: Bytecode provider name : javassist | Scanner-0 | org.hibernate.cfg.Environment.buildBytecodeProvider | Environment.java:342 
2017-01-18 16:13:34.881 | INFO | HHH000400: Using dialect: org.hibernate.dialect.MySQLDialect | Scanner-0 | org.hibernate.dialect.Dialect.<init> | Dialect.java:128 
2017-01-18 16:13:34.902 | INFO | HHH000399: Using default transaction strategy (direct JDBC transactions) | Scanner-0 | org.hibernate.engine.transaction.internal.TransactionFactoryInitiator.initiateService | TransactionFactoryInitiator.java:68 
2017-01-18 16:13:34.907 | INFO | HHH000397: Using ASTQueryTranslatorFactory | Scanner-0 | org.hibernate.hql.internal.ast.ASTQueryTranslatorFactory.<init> | ASTQueryTranslatorFactory.java:48 
2017-01-18 16:13:34.956 | INFO | HV000001: Hibernate Validator 4.3.1.Final | Scanner-0 | org.hibernate.validator.internal.util.Version.<clinit> | Version.java:27 
2017-01-18 16:13:35.454 | INFO | HHH000228: Running hbm2ddl schema update | Scanner-0 | org.hibernate.tool.hbm2ddl.SchemaUpdate.execute | SchemaUpdate.java:182 
2017-01-18 16:13:35.455 | INFO | HHH000102: Fetching database metadata | Scanner-0 | org.hibernate.tool.hbm2ddl.SchemaUpdate.execute | SchemaUpdate.java:193 
2017-01-18 16:13:35.459 | INFO | HHH000396: Updating schema | Scanner-0 | org.hibernate.tool.hbm2ddl.SchemaUpdate.execute | SchemaUpdate.java:205 
2017-01-18 16:13:35.493 | INFO | HHH000261: Table found: wetech_cms.t_attachment | Scanner-0 | org.hibernate.tool.hbm2ddl.TableMetadata.<init> | TableMetadata.java:65 
2017-01-18 16:13:35.494 | INFO | HHH000037: Columns: [is_img, size, is_index_pic, old_name, id, suffix, type, create_date, is_attach, tid, new_name] | Scanner-0 | org.hibernate.tool.hbm2ddl.TableMetadata.<init> | TableMetadata.java:66 
2017-01-18 16:13:35.494 | INFO | HHH000108: Foreign keys: [fk48549dceefdd7fd5] | Scanner-0 | org.hibernate.tool.hbm2ddl.TableMetadata.<init> | TableMetadata.java:68 
2017-01-18 16:13:35.494 | INFO | HHH000126: Indexes: [fk48549dceefdd7fd5, primary] | Scanner-0 | org.hibernate.tool.hbm2ddl.TableMetadata.<init> | TableMetadata.java:69 
2017-01-18 16:13:35.510 | INFO | HHH000261: Table found: wetech_cms.t_channel | Scanner-0 | org.hibernate.tool.hbm2ddl.TableMetadata.<init> | TableMetadata.java:65 
2017-01-18 16:13:35.511 | INFO | HHH000037: Columns: [custom_link, custom_link_url, is_index, is_top_nav, recommend, pid, is_leaf, type, descn, nav_order, name, orders, show_index, id, status] | Scanner-0 | org.hibernate.tool.hbm2ddl.TableMetadata.<init> | TableMetadata.java:66 
2017-01-18 16:13:35.511 | INFO | HHH000108: Foreign keys: [fke79d7038d7ddf6e5] | Scanner-0 | org.hibernate.tool.hbm2ddl.TableMetadata.<init> | TableMetadata.java:68 
2017-01-18 16:13:35.511 | INFO | HHH000126: Indexes: [fke79d7038d7ddf6e5, primary] | Scanner-0 | org.hibernate.tool.hbm2ddl.TableMetadata.<init> | TableMetadata.java:69 
2017-01-18 16:13:35.525 | INFO | HHH000261: Table found: wetech_cms.t_cms_link | Scanner-0 | org.hibernate.tool.hbm2ddl.TableMetadata.<init> | TableMetadata.java:65 
2017-01-18 16:13:35.525 | INFO | HHH000037: Columns: [pos, url_class, link_url, id, url_id, title, type, new_win, link_id, url, link_clz] | Scanner-0 | org.hibernate.tool.hbm2ddl.TableMetadata.<init> | TableMetadata.java:66 
2017-01-18 16:13:35.525 | INFO | HHH000108: Foreign keys: [] | Scanner-0 | org.hibernate.tool.hbm2ddl.TableMetadata.<init> | TableMetadata.java:68 
2017-01-18 16:13:35.525 | INFO | HHH000126: Indexes: [primary] | Scanner-0 | org.hibernate.tool.hbm2ddl.TableMetadata.<init> | TableMetadata.java:69 
2017-01-18 16:13:35.538 | INFO | HHH000261: Table found: wetech_cms.t_group | Scanner-0 | org.hibernate.tool.hbm2ddl.TableMetadata.<init> | TableMetadata.java:65 
2017-01-18 16:13:35.539 | INFO | HHH000037: Columns: [descr, name, id] | Scanner-0 | org.hibernate.tool.hbm2ddl.TableMetadata.<init> | TableMetadata.java:66 
2017-01-18 16:13:35.539 | INFO | HHH000108: Foreign keys: [] | Scanner-0 | org.hibernate.tool.hbm2ddl.TableMetadata.<init> | TableMetadata.java:68 
2017-01-18 16:13:35.539 | INFO | HHH000126: Indexes: [primary] | Scanner-0 | org.hibernate.tool.hbm2ddl.TableMetadata.<init> | TableMetadata.java:69 
2017-01-18 16:13:35.551 | INFO | HHH000261: Table found: wetech_cms.t_group_channel | Scanner-0 | org.hibernate.tool.hbm2ddl.TableMetadata.<init> | TableMetadata.java:65 
2017-01-18 16:13:35.552 | INFO | HHH000037: Columns: [g_id, c_id, id] | Scanner-0 | org.hibernate.tool.hbm2ddl.TableMetadata.<init> | TableMetadata.java:66 
2017-01-18 16:13:35.552 | INFO | HHH000108: Foreign keys: [fkb7d322b8ef562c89, fkb7d322b8d80ab7d1] | Scanner-0 | org.hibernate.tool.hbm2ddl.TableMetadata.<init> | TableMetadata.java:68 
2017-01-18 16:13:35.552 | INFO | HHH000126: Indexes: [fkb7d322b8ef562c89, primary, fkb7d322b8d80ab7d1] | Scanner-0 | org.hibernate.tool.hbm2ddl.TableMetadata.<init> | TableMetadata.java:69 
2017-01-18 16:13:35.565 | INFO | HHH000261: Table found: wetech_cms.t_index_pic | Scanner-0 | org.hibernate.tool.hbm2ddl.TableMetadata.<init> | TableMetadata.java:65 
2017-01-18 16:13:35.566 | INFO | HHH000037: Columns: [link_type, sub_title, old_name, pos, thumbnail_pic, link_url, id, pic, create_date, title, status, new_name] | Scanner-0 | org.hibernate.tool.hbm2ddl.TableMetadata.<init> | TableMetadata.java:66 
2017-01-18 16:13:35.566 | INFO | HHH000108: Foreign keys: [] | Scanner-0 | org.hibernate.tool.hbm2ddl.TableMetadata.<init> | TableMetadata.java:68 
2017-01-18 16:13:35.566 | INFO | HHH000126: Indexes: [primary] | Scanner-0 | org.hibernate.tool.hbm2ddl.TableMetadata.<init> | TableMetadata.java:69 
2017-01-18 16:13:35.580 | INFO | HHH000261: Table found: wetech_cms.t_keyword | Scanner-0 | org.hibernate.tool.hbm2ddl.TableMetadata.<init> | TableMetadata.java:65 
2017-01-18 16:13:35.580 | INFO | HHH000037: Columns: [name_short_py, times, name, id, name_full_py] | Scanner-0 | org.hibernate.tool.hbm2ddl.TableMetadata.<init> | TableMetadata.java:66 
2017-01-18 16:13:35.580 | INFO | HHH000108: Foreign keys: [] | Scanner-0 | org.hibernate.tool.hbm2ddl.TableMetadata.<init> | TableMetadata.java:68 
2017-01-18 16:13:35.580 | INFO | HHH000126: Indexes: [primary] | Scanner-0 | org.hibernate.tool.hbm2ddl.TableMetadata.<init> | TableMetadata.java:69 
2017-01-18 16:13:35.595 | INFO | HHH000261: Table found: wetech_cms.t_role | Scanner-0 | org.hibernate.tool.hbm2ddl.TableMetadata.<init> | TableMetadata.java:65 
2017-01-18 16:13:35.595 | INFO | HHH000037: Columns: [role_type, name, id] | Scanner-0 | org.hibernate.tool.hbm2ddl.TableMetadata.<init> | TableMetadata.java:66 
2017-01-18 16:13:35.595 | INFO | HHH000108: Foreign keys: [] | Scanner-0 | org.hibernate.tool.hbm2ddl.TableMetadata.<init> | TableMetadata.java:68 
2017-01-18 16:13:35.595 | INFO | HHH000126: Indexes: [primary] | Scanner-0 | org.hibernate.tool.hbm2ddl.TableMetadata.<init> | TableMetadata.java:69 
2017-01-18 16:13:35.609 | INFO | HHH000261: Table found: wetech_cms.t_topic | Scanner-0 | org.hibernate.tool.hbm2ddl.TableMetadata.<init> | TableMetadata.java:65 
2017-01-18 16:13:35.610 | INFO | HHH000037: Columns: [summary, thumb, author, cname, channel_pic_id, recommend, title, content, uid, id, create_date, keyword, publish_date, status, cid] | Scanner-0 | org.hibernate.tool.hbm2ddl.TableMetadata.<init> | TableMetadata.java:66 
2017-01-18 16:13:35.610 | INFO | HHH000108: Foreign keys: [fka10609a452119f24, fka10609a4d7ddc618] | Scanner-0 | org.hibernate.tool.hbm2ddl.TableMetadata.<init> | TableMetadata.java:68 
2017-01-18 16:13:35.610 | INFO | HHH000126: Indexes: [fka10609a452119f24, fka10609a4d7ddc618, primary] | Scanner-0 | org.hibernate.tool.hbm2ddl.TableMetadata.<init> | TableMetadata.java:69 
2017-01-18 16:13:35.643 | INFO | HHH000261: Table found: wetech_cms.t_user | Scanner-0 | org.hibernate.tool.hbm2ddl.TableMetadata.<init> | TableMetadata.java:65 
2017-01-18 16:13:35.644 | INFO | HHH000037: Columns: [password, phone, nickname, id, create_date, email, status, username] | Scanner-0 | org.hibernate.tool.hbm2ddl.TableMetadata.<init> | TableMetadata.java:66 
2017-01-18 16:13:35.644 | INFO | HHH000108: Foreign keys: [] | Scanner-0 | org.hibernate.tool.hbm2ddl.TableMetadata.<init> | TableMetadata.java:68 
2017-01-18 16:13:35.645 | INFO | HHH000126: Indexes: [primary] | Scanner-0 | org.hibernate.tool.hbm2ddl.TableMetadata.<init> | TableMetadata.java:69 
2017-01-18 16:13:35.658 | INFO | HHH000261: Table found: wetech_cms.t_user_group | Scanner-0 | org.hibernate.tool.hbm2ddl.TableMetadata.<init> | TableMetadata.java:65 
2017-01-18 16:13:35.659 | INFO | HHH000037: Columns: [g_id, u_id, id] | Scanner-0 | org.hibernate.tool.hbm2ddl.TableMetadata.<init> | TableMetadata.java:66 
2017-01-18 16:13:35.659 | INFO | HHH000108: Foreign keys: [fk300645b652467bf9, fk300645b6ef562c89] | Scanner-0 | org.hibernate.tool.hbm2ddl.TableMetadata.<init> | TableMetadata.java:68 
2017-01-18 16:13:35.659 | INFO | HHH000126: Indexes: [fk300645b652467bf9, fk300645b6ef562c89, primary] | Scanner-0 | org.hibernate.tool.hbm2ddl.TableMetadata.<init> | TableMetadata.java:69 
2017-01-18 16:13:35.674 | INFO | HHH000261: Table found: wetech_cms.t_user_role | Scanner-0 | org.hibernate.tool.hbm2ddl.TableMetadata.<init> | TableMetadata.java:65 
2017-01-18 16:13:35.674 | INFO | HHH000037: Columns: [u_id, id, r_id] | Scanner-0 | org.hibernate.tool.hbm2ddl.TableMetadata.<init> | TableMetadata.java:66 
2017-01-18 16:13:35.675 | INFO | HHH000108: Foreign keys: [fk331dee5f52467bf9, fk331dee5f5243b387] | Scanner-0 | org.hibernate.tool.hbm2ddl.TableMetadata.<init> | TableMetadata.java:68 
2017-01-18 16:13:35.675 | INFO | HHH000126: Indexes: [fk331dee5f52467bf9, fk331dee5f5243b387, primary] | Scanner-0 | org.hibernate.tool.hbm2ddl.TableMetadata.<init> | TableMetadata.java:69 
2017-01-18 16:13:35.677 | INFO | HHH000232: Schema update complete | Scanner-0 | org.hibernate.tool.hbm2ddl.SchemaUpdate.execute | SchemaUpdate.java:240 
2017-01-18 16:13:35.831 | INFO | Using DataSource [org.apache.commons.dbcp2.BasicDataSource@11b758a8] of Hibernate SessionFactory for HibernateTransactionManager | Scanner-0 | org.springframework.orm.hibernate4.HibernateTransactionManager.afterPropertiesSet | HibernateTransactionManager.java:360 
2017-01-18 16:13:36.164 | INFO | Root WebApplicationContext: initialization completed in 3045 ms | Scanner-0 | org.springframework.web.context.ContextLoader.initWebApplicationContext | ContextLoader.java:345 
2017-01-18 16:13:39.752 | INFO | Closing Root WebApplicationContext: startup date [Wed Jan 18 16:13:33 CST 2017]; root of context hierarchy | Scanner-0 | org.springframework.web.context.support.XmlWebApplicationContext.doClose | AbstractApplicationContext.java:982 
